2020-05-08 12:59:03,200 ERROR [errorlog] java.lang.ClassNotFoundException: com.eviware.soapui.plugins.auto.factories.AutoDiscoveryMethodFactory
java.lang.ClassNotFoundException: com.eviware.soapui.plugins.auto.factories.AutoDiscoveryMethodFactory
	at java.net.URLClassLoader.findClass(Unknown Source)
	at java.lang.ClassLoader.loadClass(Unknown Source)
	at sun.misc.Launcher$AppClassLoader.loadClass(Unknown Source)
	at java.lang.ClassLoader.loadClass(Unknown Source)
	at java.lang.Class.forName0(Native Method)
	at java.lang.Class.forName(Unknown Source)
	at com.eviware.soapui.plugins.LoaderBase.loadAutoFactories(LoaderBase.java:113)
	at com.eviware.soapui.plugins.LoaderBase.loadFactories(LoaderBase.java:80)
	at com.eviware.soapui.plugins.PluginLoader.loadPluginFactories(PluginLoader.java:141)
	at com.eviware.soapui.plugins.PluginLoader.loadPlugin(PluginLoader.java:104)
	at com.eviware.soapui.plugins.PluginLoader.loadPlugin(PluginLoader.java:54)
	at com.eviware.soapui.plugins.PluginManager.doInstallPlugin(PluginManager.java:141)
	at com.eviware.soapui.plugins.PluginManager.access$600(PluginManager.java:43)
	at com.eviware.soapui.plugins.PluginManager$LoadPluginsTask.computeSequentially(PluginManager.java:420)
	at com.eviware.soapui.plugins.PluginManager$LoadPluginsTask.compute(PluginManager.java:377)
	at com.eviware.soapui.plugins.PluginManager$LoadPluginsTask.compute(PluginManager.java:382)
	at com.eviware.soapui.plugins.PluginManager$LoadPluginsTask.compute(PluginManager.java:365)
	at java.util.concurrent.RecursiveTask.exec(Unknown Source)
	at java.util.concurrent.ForkJoinTask.doExec(Unknown Source)
	at java.util.concurrent.ForkJoinPool$WorkQueue.runTask(Unknown Source)
	at java.util.concurrent.ForkJoinPool.runWorker(Unknown Source)
	at java.util.concurrent.ForkJoinWorkerThread.run(Unknown Source)
2020-05-08 12:59:03,250 ERROR [errorlog] java.lang.ClassNotFoundException: com.eviware.soapui.plugins.auto.factories.AutoImportMethodFactory
java.lang.ClassNotFoundException: com.eviware.soapui.plugins.auto.factories.AutoImportMethodFactory
	at java.net.URLClassLoader.findClass(Unknown Source)
	at java.lang.ClassLoader.loadClass(Unknown Source)
	at sun.misc.Launcher$AppClassLoader.loadClass(Unknown Source)
	at java.lang.ClassLoader.loadClass(Unknown Source)
	at java.lang.Class.forName0(Native Method)
	at java.lang.Class.forName(Unknown Source)
	at com.eviware.soapui.plugins.LoaderBase.loadAutoFactories(LoaderBase.java:113)
	at com.eviware.soapui.plugins.LoaderBase.loadFactories(LoaderBase.java:80)
	at com.eviware.soapui.plugins.PluginLoader.loadPluginFactories(PluginLoader.java:141)
	at com.eviware.soapui.plugins.PluginLoader.loadPlugin(PluginLoader.java:104)
	at com.eviware.soapui.plugins.PluginLoader.loadPlugin(PluginLoader.java:54)
	at com.eviware.soapui.plugins.PluginManager.doInstallPlugin(PluginManager.java:141)
	at com.eviware.soapui.plugins.PluginManager.access$600(PluginManager.java:43)
	at com.eviware.soapui.plugins.PluginManager$LoadPluginsTask.computeSequentially(PluginManager.java:420)
	at com.eviware.soapui.plugins.PluginManager$LoadPluginsTask.compute(PluginManager.java:377)
	at com.eviware.soapui.plugins.PluginManager$LoadPluginsTask.compute(PluginManager.java:382)
	at com.eviware.soapui.plugins.PluginManager$LoadPluginsTask.compute(PluginManager.java:365)
	at java.util.concurrent.RecursiveTask.exec(Unknown Source)
	at java.util.concurrent.ForkJoinTask.doExec(Unknown Source)
	at java.util.concurrent.ForkJoinPool$WorkQueue.runTask(Unknown Source)
	at java.util.concurrent.ForkJoinPool.runWorker(Unknown Source)
	at java.util.concurrent.ForkJoinWorkerThread.run(Unknown Source)
2020-05-08 12:59:04,583 ERROR [errorlog] java.lang.ClassNotFoundException: com.eviware.soapui.plugins.auto.factories.AutoDiscoveryMethodFactory
java.lang.ClassNotFoundException: com.eviware.soapui.plugins.auto.factories.AutoDiscoveryMethodFactory
	at java.net.URLClassLoader.findClass(Unknown Source)
	at java.lang.ClassLoader.loadClass(Unknown Source)
	at sun.misc.Launcher$AppClassLoader.loadClass(Unknown Source)
	at java.lang.ClassLoader.loadClass(Unknown Source)
	at java.lang.Class.forName0(Native Method)
	at java.lang.Class.forName(Unknown Source)
	at com.eviware.soapui.plugins.LoaderBase.loadAutoFactories(LoaderBase.java:113)
	at com.eviware.soapui.plugins.LoaderBase.loadFactories(LoaderBase.java:80)
	at com.eviware.soapui.plugins.PluginLoader.loadPluginFactories(PluginLoader.java:141)
	at com.eviware.soapui.plugins.PluginLoader.loadPlugin(PluginLoader.java:104)
	at com.eviware.soapui.plugins.PluginLoader.loadPlugin(PluginLoader.java:54)
	at com.eviware.soapui.plugins.PluginManager.doInstallPlugin(PluginManager.java:141)
	at com.eviware.soapui.plugins.PluginManager.access$600(PluginManager.java:43)
	at com.eviware.soapui.plugins.PluginManager$LoadPluginsTask.computeSequentially(PluginManager.java:420)
	at com.eviware.soapui.plugins.PluginManager$LoadPluginsTask.compute(PluginManager.java:377)
	at com.eviware.soapui.plugins.PluginManager$LoadPluginsTask.compute(PluginManager.java:382)
	at com.eviware.soapui.plugins.PluginManager$LoadPluginsTask.compute(PluginManager.java:365)
	at java.util.concurrent.RecursiveTask.exec(Unknown Source)
	at java.util.concurrent.ForkJoinTask.doExec(Unknown Source)
	at java.util.concurrent.ForkJoinPool$WorkQueue.runTask(Unknown Source)
	at java.util.concurrent.ForkJoinPool.runWorker(Unknown Source)
	at java.util.concurrent.ForkJoinWorkerThread.run(Unknown Source)
2020-05-08 12:59:04,585 ERROR [errorlog] java.lang.ClassNotFoundException: com.eviware.soapui.plugins.auto.factories.AutoImportMethodFactory
java.lang.ClassNotFoundException: com.eviware.soapui.plugins.auto.factories.AutoImportMethodFactory
	at java.net.URLClassLoader.findClass(Unknown Source)
	at java.lang.ClassLoader.loadClass(Unknown Source)
	at sun.misc.Launcher$AppClassLoader.loadClass(Unknown Source)
	at java.lang.ClassLoader.loadClass(Unknown Source)
	at java.lang.Class.forName0(Native Method)
	at java.lang.Class.forName(Unknown Source)
	at com.eviware.soapui.plugins.LoaderBase.loadAutoFactories(LoaderBase.java:113)
	at com.eviware.soapui.plugins.LoaderBase.loadFactories(LoaderBase.java:80)
	at com.eviware.soapui.plugins.PluginLoader.loadPluginFactories(PluginLoader.java:141)
	at com.eviware.soapui.plugins.PluginLoader.loadPlugin(PluginLoader.java:104)
	at com.eviware.soapui.plugins.PluginLoader.loadPlugin(PluginLoader.java:54)
	at com.eviware.soapui.plugins.PluginManager.doInstallPlugin(PluginManager.java:141)
	at com.eviware.soapui.plugins.PluginManager.access$600(PluginManager.java:43)
	at com.eviware.soapui.plugins.PluginManager$LoadPluginsTask.computeSequentially(PluginManager.java:420)
	at com.eviware.soapui.plugins.PluginManager$LoadPluginsTask.compute(PluginManager.java:377)
	at com.eviware.soapui.plugins.PluginManager$LoadPluginsTask.compute(PluginManager.java:382)
	at com.eviware.soapui.plugins.PluginManager$LoadPluginsTask.compute(PluginManager.java:365)
	at java.util.concurrent.RecursiveTask.exec(Unknown Source)
	at java.util.concurrent.ForkJoinTask.doExec(Unknown Source)
	at java.util.concurrent.ForkJoinPool$WorkQueue.runTask(Unknown Source)
	at java.util.concurrent.ForkJoinPool.runWorker(Unknown Source)
	at java.util.concurrent.ForkJoinWorkerThread.run(Unknown Source)
2020-05-08 12:59:05,571 ERROR [errorlog] java.lang.ClassNotFoundException: com.eviware.soapui.plugins.auto.factories.AutoDiscoveryMethodFactory
java.lang.ClassNotFoundException: com.eviware.soapui.plugins.auto.factories.AutoDiscoveryMethodFactory
	at java.net.URLClassLoader.findClass(Unknown Source)
	at java.lang.ClassLoader.loadClass(Unknown Source)
	at sun.misc.Launcher$AppClassLoader.loadClass(Unknown Source)
	at java.lang.ClassLoader.loadClass(Unknown Source)
	at java.lang.Class.forName0(Native Method)
	at java.lang.Class.forName(Unknown Source)
	at com.eviware.soapui.plugins.LoaderBase.loadAutoFactories(LoaderBase.java:113)
	at com.eviware.soapui.plugins.LoaderBase.loadFactories(LoaderBase.java:80)
	at com.eviware.soapui.plugins.PluginLoader.loadPluginFactories(PluginLoader.java:141)
	at com.eviware.soapui.plugins.PluginLoader.loadPlugin(PluginLoader.java:104)
	at com.eviware.soapui.plugins.PluginLoader.loadPlugin(PluginLoader.java:54)
	at com.eviware.soapui.plugins.PluginManager.doInstallPlugin(PluginManager.java:141)
	at com.eviware.soapui.plugins.PluginManager.access$600(PluginManager.java:43)
	at com.eviware.soapui.plugins.PluginManager$LoadPluginsTask.computeSequentially(PluginManager.java:420)
	at com.eviware.soapui.plugins.PluginManager$LoadPluginsTask.compute(PluginManager.java:377)
	at com.eviware.soapui.plugins.PluginManager$LoadPluginsTask.compute(PluginManager.java:365)
	at java.util.concurrent.RecursiveTask.exec(Unknown Source)
	at java.util.concurrent.ForkJoinTask.doExec(Unknown Source)
	at java.util.concurrent.ForkJoinPool$WorkQueue.runTask(Unknown Source)
	at java.util.concurrent.ForkJoinPool.runWorker(Unknown Source)
	at java.util.concurrent.ForkJoinWorkerThread.run(Unknown Source)
2020-05-08 12:59:05,576 ERROR [errorlog] java.lang.ClassNotFoundException: com.eviware.soapui.plugins.auto.factories.AutoImportMethodFactory
java.lang.ClassNotFoundException: com.eviware.soapui.plugins.auto.factories.AutoImportMethodFactory
	at java.net.URLClassLoader.findClass(Unknown Source)
	at java.lang.ClassLoader.loadClass(Unknown Source)
	at sun.misc.Launcher$AppClassLoader.loadClass(Unknown Source)
	at java.lang.ClassLoader.loadClass(Unknown Source)
	at java.lang.Class.forName0(Native Method)
	at java.lang.Class.forName(Unknown Source)
	at com.eviware.soapui.plugins.LoaderBase.loadAutoFactories(LoaderBase.java:113)
	at com.eviware.soapui.plugins.LoaderBase.loadFactories(LoaderBase.java:80)
	at com.eviware.soapui.plugins.PluginLoader.loadPluginFactories(PluginLoader.java:141)
	at com.eviware.soapui.plugins.PluginLoader.loadPlugin(PluginLoader.java:104)
	at com.eviware.soapui.plugins.PluginLoader.loadPlugin(PluginLoader.java:54)
	at com.eviware.soapui.plugins.PluginManager.doInstallPlugin(PluginManager.java:141)
	at com.eviware.soapui.plugins.PluginManager.access$600(PluginManager.java:43)
	at com.eviware.soapui.plugins.PluginManager$LoadPluginsTask.computeSequentially(PluginManager.java:420)
	at com.eviware.soapui.plugins.PluginManager$LoadPluginsTask.compute(PluginManager.java:377)
	at com.eviware.soapui.plugins.PluginManager$LoadPluginsTask.compute(PluginManager.java:365)
	at java.util.concurrent.RecursiveTask.exec(Unknown Source)
	at java.util.concurrent.ForkJoinTask.doExec(Unknown Source)
	at java.util.concurrent.ForkJoinPool$WorkQueue.runTask(Unknown Source)
	at java.util.concurrent.ForkJoinPool.runWorker(Unknown Source)
	at java.util.concurrent.ForkJoinWorkerThread.run(Unknown Source)
2020-05-08 12:59:06,395 ERROR [errorlog] java.lang.ClassNotFoundException: com.eviware.soapui.plugins.auto.factories.AutoDiscoveryMethodFactory
java.lang.ClassNotFoundException: com.eviware.soapui.plugins.auto.factories.AutoDiscoveryMethodFactory
	at java.net.URLClassLoader.findClass(Unknown Source)
	at java.lang.ClassLoader.loadClass(Unknown Source)
	at sun.misc.Launcher$AppClassLoader.loadClass(Unknown Source)
	at java.lang.ClassLoader.loadClass(Unknown Source)
	at java.lang.Class.forName0(Native Method)
	at java.lang.Class.forName(Unknown Source)
	at com.eviware.soapui.plugins.LoaderBase.loadAutoFactories(LoaderBase.java:113)
	at com.eviware.soapui.plugins.LoaderBase.loadFactories(LoaderBase.java:80)
	at com.eviware.soapui.plugins.PluginLoader.loadPluginFactories(PluginLoader.java:141)
	at com.eviware.soapui.plugins.PluginLoader.loadPlugin(PluginLoader.java:104)
	at com.eviware.soapui.plugins.PluginLoader.loadPlugin(PluginLoader.java:54)
	at com.eviware.soapui.plugins.PluginManager.doInstallPlugin(PluginManager.java:141)
	at com.eviware.soapui.plugins.PluginManager.access$600(PluginManager.java:43)
	at com.eviware.soapui.plugins.PluginManager$LoadPluginsTask.computeSequentially(PluginManager.java:420)
	at com.eviware.soapui.plugins.PluginManager$LoadPluginsTask.compute(PluginManager.java:377)
	at com.eviware.soapui.plugins.PluginManager$LoadPluginsTask.compute(PluginManager.java:382)
	at com.eviware.soapui.plugins.PluginManager$LoadPluginsTask.compute(PluginManager.java:365)
	at java.util.concurrent.RecursiveTask.exec(Unknown Source)
	at java.util.concurrent.ForkJoinTask.doExec(Unknown Source)
	at java.util.concurrent.ForkJoinPool$WorkQueue.runTask(Unknown Source)
	at java.util.concurrent.ForkJoinPool.runWorker(Unknown Source)
	at java.util.concurrent.ForkJoinWorkerThread.run(Unknown Source)
2020-05-08 12:59:06,396 ERROR [errorlog] java.lang.ClassNotFoundException: com.eviware.soapui.plugins.auto.factories.AutoImportMethodFactory
java.lang.ClassNotFoundException: com.eviware.soapui.plugins.auto.factories.AutoImportMethodFactory
	at java.net.URLClassLoader.findClass(Unknown Source)
	at java.lang.ClassLoader.loadClass(Unknown Source)
	at sun.misc.Launcher$AppClassLoader.loadClass(Unknown Source)
	at java.lang.ClassLoader.loadClass(Unknown Source)
	at java.lang.Class.forName0(Native Method)
	at java.lang.Class.forName(Unknown Source)
	at com.eviware.soapui.plugins.LoaderBase.loadAutoFactories(LoaderBase.java:113)
	at com.eviware.soapui.plugins.LoaderBase.loadFactories(LoaderBase.java:80)
	at com.eviware.soapui.plugins.PluginLoader.loadPluginFactories(PluginLoader.java:141)
	at com.eviware.soapui.plugins.PluginLoader.loadPlugin(PluginLoader.java:104)
	at com.eviware.soapui.plugins.PluginLoader.loadPlugin(PluginLoader.java:54)
	at com.eviware.soapui.plugins.PluginManager.doInstallPlugin(PluginManager.java:141)
	at com.eviware.soapui.plugins.PluginManager.access$600(PluginManager.java:43)
	at com.eviware.soapui.plugins.PluginManager$LoadPluginsTask.computeSequentially(PluginManager.java:420)
	at com.eviware.soapui.plugins.PluginManager$LoadPluginsTask.compute(PluginManager.java:377)
	at com.eviware.soapui.plugins.PluginManager$LoadPluginsTask.compute(PluginManager.java:382)
	at com.eviware.soapui.plugins.PluginManager$LoadPluginsTask.compute(PluginManager.java:365)
	at java.util.concurrent.RecursiveTask.exec(Unknown Source)
	at java.util.concurrent.ForkJoinTask.doExec(Unknown Source)
	at java.util.concurrent.ForkJoinPool$WorkQueue.runTask(Unknown Source)
	at java.util.concurrent.ForkJoinPool.runWorker(Unknown Source)
	at java.util.concurrent.ForkJoinWorkerThread.run(Unknown Source)
2020-05-08 12:59:06,493 ERROR [errorlog] java.lang.ClassNotFoundException: com.eviware.soapui.plugins.auto.factories.AutoDiscoveryMethodFactory
java.lang.ClassNotFoundException: com.eviware.soapui.plugins.auto.factories.AutoDiscoveryMethodFactory
	at java.net.URLClassLoader.findClass(Unknown Source)
	at java.lang.ClassLoader.loadClass(Unknown Source)
	at sun.misc.Launcher$AppClassLoader.loadClass(Unknown Source)
	at java.lang.ClassLoader.loadClass(Unknown Source)
	at java.lang.Class.forName0(Native Method)
	at java.lang.Class.forName(Unknown Source)
	at com.eviware.soapui.plugins.LoaderBase.loadAutoFactories(LoaderBase.java:113)
	at com.eviware.soapui.plugins.LoaderBase.loadFactories(LoaderBase.java:80)
	at com.eviware.soapui.plugins.PluginLoader.loadPluginFactories(PluginLoader.java:141)
	at com.eviware.soapui.plugins.PluginLoader.loadPlugin(PluginLoader.java:104)
	at com.eviware.soapui.plugins.PluginLoader.loadPlugin(PluginLoader.java:54)
	at com.eviware.soapui.plugins.PluginManager.doInstallPlugin(PluginManager.java:141)
	at com.eviware.soapui.plugins.PluginManager.access$600(PluginManager.java:43)
	at com.eviware.soapui.plugins.PluginManager$LoadPluginsTask.computeSequentially(PluginManager.java:420)
	at com.eviware.soapui.plugins.PluginManager$LoadPluginsTask.compute(PluginManager.java:377)
	at com.eviware.soapui.plugins.PluginManager$LoadPluginsTask.compute(PluginManager.java:365)
	at java.util.concurrent.RecursiveTask.exec(Unknown Source)
	at java.util.concurrent.ForkJoinTask.doExec(Unknown Source)
	at java.util.concurrent.ForkJoinPool$WorkQueue.runTask(Unknown Source)
	at java.util.concurrent.ForkJoinPool.runWorker(Unknown Source)
	at java.util.concurrent.ForkJoinWorkerThread.run(Unknown Source)
2020-05-08 12:59:06,498 ERROR [errorlog] java.lang.ClassNotFoundException: com.eviware.soapui.plugins.auto.factories.AutoImportMethodFactory
java.lang.ClassNotFoundException: com.eviware.soapui.plugins.auto.factories.AutoImportMethodFactory
	at java.net.URLClassLoader.findClass(Unknown Source)
	at java.lang.ClassLoader.loadClass(Unknown Source)
	at sun.misc.Launcher$AppClassLoader.loadClass(Unknown Source)
	at java.lang.ClassLoader.loadClass(Unknown Source)
	at java.lang.Class.forName0(Native Method)
	at java.lang.Class.forName(Unknown Source)
	at com.eviware.soapui.plugins.LoaderBase.loadAutoFactories(LoaderBase.java:113)
	at com.eviware.soapui.plugins.LoaderBase.loadFactories(LoaderBase.java:80)
	at com.eviware.soapui.plugins.PluginLoader.loadPluginFactories(PluginLoader.java:141)
	at com.eviware.soapui.plugins.PluginLoader.loadPlugin(PluginLoader.java:104)
	at com.eviware.soapui.plugins.PluginLoader.loadPlugin(PluginLoader.java:54)
	at com.eviware.soapui.plugins.PluginManager.doInstallPlugin(PluginManager.java:141)
	at com.eviware.soapui.plugins.PluginManager.access$600(PluginManager.java:43)
	at com.eviware.soapui.plugins.PluginManager$LoadPluginsTask.computeSequentially(PluginManager.java:420)
	at com.eviware.soapui.plugins.PluginManager$LoadPluginsTask.compute(PluginManager.java:377)
	at com.eviware.soapui.plugins.PluginManager$LoadPluginsTask.compute(PluginManager.java:365)
	at java.util.concurrent.RecursiveTask.exec(Unknown Source)
	at java.util.concurrent.ForkJoinTask.doExec(Unknown Source)
	at java.util.concurrent.ForkJoinPool$WorkQueue.runTask(Unknown Source)
	at java.util.concurrent.ForkJoinPool.runWorker(Unknown Source)
	at java.util.concurrent.ForkJoinWorkerThread.run(Unknown Source)
2020-05-08 16:38:23,148 ERROR [errorlog] nu.xom.IllegalCharacterDataException: 0x8 is not allowed in XML content
nu.xom.IllegalCharacterDataException: 0x8 is not allowed in XML content
	at nu.xom.Verifier.throwIllegalCharacterDataException(Verifier.java:154)
	at nu.xom.Verifier.checkPCDATA(Verifier.java:205)
	at nu.xom.Text._setValue(Text.java:126)
	at nu.xom.Text.<init>(Text.java:62)
	at nu.xom.Element.appendChild(Element.java:1069)
	at com.eviware.soapui.impl.rest.support.handlers.JsonXmlSerializer.processJSONValue(JsonXmlSerializer.java:1050)
	at com.eviware.soapui.impl.rest.support.handlers.JsonXmlSerializer.processJSONObject(JsonXmlSerializer.java:1011)
	at com.eviware.soapui.impl.rest.support.handlers.JsonXmlSerializer.processJSONValue(JsonXmlSerializer.java:1060)
	at com.eviware.soapui.impl.rest.support.handlers.JsonXmlSerializer.processJSONArray(JsonXmlSerializer.java:934)
	at com.eviware.soapui.impl.rest.support.handlers.JsonXmlSerializer.write(JsonXmlSerializer.java:621)
	at com.eviware.soapui.impl.rest.support.handlers.JsonXmlSerializer.write(JsonXmlSerializer.java:599)
	at com.eviware.soapui.impl.rest.support.handlers.JsonMediaTypeHandler.createXmlRepresentation(JsonMediaTypeHandler.java:61)
	at com.eviware.soapui.impl.wsdl.submit.transports.http.BaseHttpResponse.getContentAsXml(BaseHttpResponse.java:382)
	at com.eviware.soapui.impl.wsdl.teststeps.RestTestRequestStep.propertyChange(RestTestRequestStep.java:431)
	at java.beans.PropertyChangeSupport.fire(Unknown Source)
	at java.beans.PropertyChangeSupport.firePropertyChange(Unknown Source)
	at java.beans.PropertyChangeSupport.firePropertyChange(Unknown Source)
	at com.eviware.soapui.model.support.AbstractModelItem.notifyPropertyChanged(AbstractModelItem.java:71)
	at com.eviware.soapui.impl.support.AbstractHttpRequest.setResponse(AbstractHttpRequest.java:795)
	at com.eviware.soapui.impl.wsdl.teststeps.RestTestRequest.setResponse(RestTestRequest.java:127)
	at com.eviware.soapui.impl.wsdl.teststeps.RestTestRequestStep.run(RestTestRequestStep.java:810)
	at com.eviware.soapui.impl.wsdl.support.AbstractTestCaseRunner.runTestStep(AbstractTestCaseRunner.java:211)
	at com.eviware.soapui.impl.wsdl.testcase.WsdlTestCaseRunner.runCurrentTestStep(WsdlTestCaseRunner.java:47)
	at com.eviware.soapui.impl.wsdl.support.AbstractTestCaseRunner.internalRun(AbstractTestCaseRunner.java:138)
	at com.eviware.soapui.impl.wsdl.support.AbstractTestCaseRunner.internalRun(AbstractTestCaseRunner.java:46)
	at com.eviware.soapui.impl.wsdl.support.AbstractTestRunner.run(AbstractTestRunner.java:128)
	at com.eviware.soapui.impl.wsdl.support.AbstractTestRunner.start(AbstractTestRunner.java:76)
	at com.eviware.soapui.impl.wsdl.testcase.WsdlTestCase.run(WsdlTestCase.java:594)
	at soapUIDemo.SoapUIRESTserviceTest.SoapUItestrun(SoapUIRESTserviceTest.java:31)
	at sun.reflect.NativeMethodAccessorImpl.invoke0(Native Method)
	at sun.reflect.NativeMethodAccessorImpl.invoke(Unknown Source)
	at sun.reflect.DelegatingMethodAccessorImpl.invoke(Unknown Source)
	at java.lang.reflect.Method.invoke(Unknown Source)
	at org.testng.internal.MethodInvocationHelper.invokeMethod(MethodInvocationHelper.java:124)
	at org.testng.internal.Invoker.invokeMethod(Invoker.java:583)
	at org.testng.internal.Invoker.invokeTestMethod(Invoker.java:719)
	at org.testng.internal.Invoker.invokeTestMethods(Invoker.java:989)
	at org.testng.internal.TestMethodWorker.invokeTestMethods(TestMethodWorker.java:125)
	at org.testng.internal.TestMethodWorker.run(TestMethodWorker.java:109)
	at org.testng.TestRunner.privateRun(TestRunner.java:648)
	at org.testng.TestRunner.run(TestRunner.java:505)
	at org.testng.SuiteRunner.runTest(SuiteRunner.java:455)
	at org.testng.SuiteRunner.runSequentially(SuiteRunner.java:450)
	at org.testng.SuiteRunner.privateRun(SuiteRunner.java:415)
	at org.testng.SuiteRunner.run(SuiteRunner.java:364)
	at org.testng.SuiteRunnerWorker.runSuite(SuiteRunnerWorker.java:52)
	at org.testng.SuiteRunnerWorker.run(SuiteRunnerWorker.java:84)
	at org.testng.TestNG.runSuitesSequentially(TestNG.java:1208)
	at org.testng.TestNG.runSuitesLocally(TestNG.java:1137)
	at org.testng.TestNG.runSuites(TestNG.java:1049)
	at org.testng.TestNG.run(TestNG.java:1017)
	at org.testng.remote.AbstractRemoteTestNG.run(AbstractRemoteTestNG.java:132)
	at org.testng.remote.RemoteTestNG.initAndRun(RemoteTestNG.java:230)
	at org.testng.remote.RemoteTestNG.main(RemoteTestNG.java:76)
2020-05-08 16:51:12,942 ERROR [errorlog] nu.xom.IllegalCharacterDataException: 0x8 is not allowed in XML content
nu.xom.IllegalCharacterDataException: 0x8 is not allowed in XML content
	at nu.xom.Verifier.throwIllegalCharacterDataException(Verifier.java:154)
	at nu.xom.Verifier.checkPCDATA(Verifier.java:205)
	at nu.xom.Text._setValue(Text.java:126)
	at nu.xom.Text.<init>(Text.java:62)
	at nu.xom.Element.appendChild(Element.java:1069)
	at com.eviware.soapui.impl.rest.support.handlers.JsonXmlSerializer.processJSONValue(JsonXmlSerializer.java:1050)
	at com.eviware.soapui.impl.rest.support.handlers.JsonXmlSerializer.processJSONObject(JsonXmlSerializer.java:1011)
	at com.eviware.soapui.impl.rest.support.handlers.JsonXmlSerializer.processJSONValue(JsonXmlSerializer.java:1060)
	at com.eviware.soapui.impl.rest.support.handlers.JsonXmlSerializer.processJSONArray(JsonXmlSerializer.java:934)
	at com.eviware.soapui.impl.rest.support.handlers.JsonXmlSerializer.write(JsonXmlSerializer.java:621)
	at com.eviware.soapui.impl.rest.support.handlers.JsonXmlSerializer.write(JsonXmlSerializer.java:599)
	at com.eviware.soapui.impl.rest.support.handlers.JsonMediaTypeHandler.createXmlRepresentation(JsonMediaTypeHandler.java:61)
	at com.eviware.soapui.impl.wsdl.submit.transports.http.BaseHttpResponse.getContentAsXml(BaseHttpResponse.java:382)
	at com.eviware.soapui.impl.wsdl.teststeps.RestTestRequestStep.propertyChange(RestTestRequestStep.java:431)
	at java.beans.PropertyChangeSupport.fire(Unknown Source)
	at java.beans.PropertyChangeSupport.firePropertyChange(Unknown Source)
	at java.beans.PropertyChangeSupport.firePropertyChange(Unknown Source)
	at com.eviware.soapui.model.support.AbstractModelItem.notifyPropertyChanged(AbstractModelItem.java:71)
	at com.eviware.soapui.impl.support.AbstractHttpRequest.setResponse(AbstractHttpRequest.java:795)
	at com.eviware.soapui.impl.wsdl.teststeps.RestTestRequest.setResponse(RestTestRequest.java:127)
	at com.eviware.soapui.impl.wsdl.teststeps.RestTestRequestStep.run(RestTestRequestStep.java:810)
	at com.eviware.soapui.impl.wsdl.support.AbstractTestCaseRunner.runTestStep(AbstractTestCaseRunner.java:211)
	at com.eviware.soapui.impl.wsdl.testcase.WsdlTestCaseRunner.runCurrentTestStep(WsdlTestCaseRunner.java:47)
	at com.eviware.soapui.impl.wsdl.support.AbstractTestCaseRunner.internalRun(AbstractTestCaseRunner.java:138)
	at com.eviware.soapui.impl.wsdl.support.AbstractTestCaseRunner.internalRun(AbstractTestCaseRunner.java:46)
	at com.eviware.soapui.impl.wsdl.support.AbstractTestRunner.run(AbstractTestRunner.java:128)
	at com.eviware.soapui.impl.wsdl.support.AbstractTestRunner.start(AbstractTestRunner.java:76)
	at com.eviware.soapui.impl.wsdl.testcase.WsdlTestCase.run(WsdlTestCase.java:594)
	at soapUIDemo.SoapUIRESTserviceTest.SoapUItestrun(SoapUIRESTserviceTest.java:31)
	at sun.reflect.NativeMethodAccessorImpl.invoke0(Native Method)
	at sun.reflect.NativeMethodAccessorImpl.invoke(Unknown Source)
	at sun.reflect.DelegatingMethodAccessorImpl.invoke(Unknown Source)
	at java.lang.reflect.Method.invoke(Unknown Source)
	at org.testng.internal.MethodInvocationHelper.invokeMethod(MethodInvocationHelper.java:124)
	at org.testng.internal.Invoker.invokeMethod(Invoker.java:583)
	at org.testng.internal.Invoker.invokeTestMethod(Invoker.java:719)
	at org.testng.internal.Invoker.invokeTestMethods(Invoker.java:989)
	at org.testng.internal.TestMethodWorker.invokeTestMethods(TestMethodWorker.java:125)
	at org.testng.internal.TestMethodWorker.run(TestMethodWorker.java:109)
	at org.testng.TestRunner.privateRun(TestRunner.java:648)
	at org.testng.TestRunner.run(TestRunner.java:505)
	at org.testng.SuiteRunner.runTest(SuiteRunner.java:455)
	at org.testng.SuiteRunner.runSequentially(SuiteRunner.java:450)
	at org.testng.SuiteRunner.privateRun(SuiteRunner.java:415)
	at org.testng.SuiteRunner.run(SuiteRunner.java:364)
	at org.testng.SuiteRunnerWorker.runSuite(SuiteRunnerWorker.java:52)
	at org.testng.SuiteRunnerWorker.run(SuiteRunnerWorker.java:84)
	at org.testng.TestNG.runSuitesSequentially(TestNG.java:1208)
	at org.testng.TestNG.runSuitesLocally(TestNG.java:1137)
	at org.testng.TestNG.runSuites(TestNG.java:1049)
	at org.testng.TestNG.run(TestNG.java:1017)
	at org.testng.remote.AbstractRemoteTestNG.run(AbstractRemoteTestNG.java:132)
	at org.testng.remote.RemoteTestNG.initAndRun(RemoteTestNG.java:230)
	at org.testng.remote.RemoteTestNG.main(RemoteTestNG.java:76)
2020-05-08 17:17:34,777 ERROR [WsdlSubmit] Exception in request: org.apache.http.conn.HttpHostConnectException: Connection to http://216.10.245.166:8080 refused
2020-05-08 17:17:34,807 ERROR [errorlog] org.apache.http.conn.HttpHostConnectException: Connection to http://216.10.245.166:8080 refused
org.apache.http.conn.HttpHostConnectException: Connection to http://216.10.245.166:8080 refused
	at com.eviware.soapui.impl.wsdl.support.http.SoapUIMultiThreadedHttpConnectionManager$SoapUIClientConnectionOperator.openConnection(SoapUIMultiThreadedHttpConnectionManager.java:290)
	at org.apache.http.impl.conn.AbstractPoolEntry.open(AbstractPoolEntry.java:149)
	at org.apache.http.impl.conn.AbstractPooledConnAdapter.open(AbstractPooledConnAdapter.java:121)
	at org.apache.http.impl.client.DefaultRequestDirector.tryConnect(DefaultRequestDirector.java:561)
	at org.apache.http.impl.client.DefaultRequestDirector.execute(DefaultRequestDirector.java:415)
	at org.apache.http.impl.client.AbstractHttpClient.execute(AbstractHttpClient.java:820)
	at org.apache.http.impl.client.AbstractHttpClient.execute(AbstractHttpClient.java:754)
	at com.eviware.soapui.impl.wsdl.support.http.HttpClientSupport$Helper.execute(HttpClientSupport.java:233)
	at com.eviware.soapui.impl.wsdl.support.http.HttpClientSupport.execute(HttpClientSupport.java:323)
	at com.eviware.soapui.impl.wsdl.submit.transports.http.HttpClientRequestTransport.submitRequest(HttpClientRequestTransport.java:301)
	at com.eviware.soapui.impl.wsdl.submit.transports.http.HttpClientRequestTransport.sendRequest(HttpClientRequestTransport.java:231)
	at com.eviware.soapui.impl.wsdl.WsdlSubmit.run(WsdlSubmit.java:119)
	at com.eviware.soapui.impl.wsdl.WsdlSubmit.submitRequest(WsdlSubmit.java:79)
	at com.eviware.soapui.impl.wsdl.WsdlRequest.submit(WsdlRequest.java:217)
	at com.eviware.soapui.impl.wsdl.teststeps.WsdlTestRequestStep.run(WsdlTestRequestStep.java:364)
	at com.eviware.soapui.model.testsuite.TestStep$run.call(Unknown Source)
	at org.codehaus.groovy.runtime.callsite.CallSiteArray.defaultCall(CallSiteArray.java:48)
	at org.codehaus.groovy.runtime.callsite.AbstractCallSite.call(AbstractCallSite.java:113)
	at org.codehaus.groovy.runtime.callsite.AbstractCallSite.call(AbstractCallSite.java:133)
	at Script1.run(Script1.groovy:7)
	at com.eviware.soapui.support.scripting.groovy.SoapUIGroovyScriptEngine.run(SoapUIGroovyScriptEngine.java:90)
	at com.eviware.soapui.impl.wsdl.teststeps.WsdlGroovyScriptTestStep.run(WsdlGroovyScriptTestStep.java:141)
	at com.eviware.soapui.impl.wsdl.support.AbstractTestCaseRunner.runTestStep(AbstractTestCaseRunner.java:211)
	at com.eviware.soapui.impl.wsdl.testcase.WsdlTestCaseRunner.runCurrentTestStep(WsdlTestCaseRunner.java:47)
	at com.eviware.soapui.impl.wsdl.support.AbstractTestCaseRunner.internalRun(AbstractTestCaseRunner.java:138)
	at com.eviware.soapui.impl.wsdl.support.AbstractTestCaseRunner.internalRun(AbstractTestCaseRunner.java:46)
	at com.eviware.soapui.impl.wsdl.support.AbstractTestRunner.run(AbstractTestRunner.java:128)
	at com.eviware.soapui.impl.wsdl.support.AbstractTestRunner.start(AbstractTestRunner.java:76)
	at com.eviware.soapui.impl.wsdl.testcase.WsdlTestCase.run(WsdlTestCase.java:594)
	at soapUIDemo.SoapUITestngTest.SoapUItestrun(SoapUITestngTest.java:30)
	at sun.reflect.NativeMethodAccessorImpl.invoke0(Native Method)
	at sun.reflect.NativeMethodAccessorImpl.invoke(Unknown Source)
	at sun.reflect.DelegatingMethodAccessorImpl.invoke(Unknown Source)
	at java.lang.reflect.Method.invoke(Unknown Source)
	at org.testng.internal.MethodInvocationHelper.invokeMethod(MethodInvocationHelper.java:124)
	at org.testng.internal.Invoker.invokeMethod(Invoker.java:583)
	at org.testng.internal.Invoker.invokeTestMethod(Invoker.java:719)
	at org.testng.internal.Invoker.invokeTestMethods(Invoker.java:989)
	at org.testng.internal.TestMethodWorker.invokeTestMethods(TestMethodWorker.java:125)
	at org.testng.internal.TestMethodWorker.run(TestMethodWorker.java:109)
	at org.testng.TestRunner.privateRun(TestRunner.java:648)
	at org.testng.TestRunner.run(TestRunner.java:505)
	at org.testng.SuiteRunner.runTest(SuiteRunner.java:455)
	at org.testng.SuiteRunner.runSequentially(SuiteRunner.java:450)
	at org.testng.SuiteRunner.privateRun(SuiteRunner.java:415)
	at org.testng.SuiteRunner.run(SuiteRunner.java:364)
	at org.testng.SuiteRunnerWorker.runSuite(SuiteRunnerWorker.java:52)
	at org.testng.SuiteRunnerWorker.run(SuiteRunnerWorker.java:84)
	at org.testng.TestNG.runSuitesSequentially(TestNG.java:1208)
	at org.testng.TestNG.runSuitesLocally(TestNG.java:1137)
	at org.testng.TestNG.runSuites(TestNG.java:1049)
	at org.testng.TestNG.run(TestNG.java:1017)
	at org.testng.remote.AbstractRemoteTestNG.run(AbstractRemoteTestNG.java:132)
	at org.testng.remote.RemoteTestNG.initAndRun(RemoteTestNG.java:230)
	at org.testng.remote.RemoteTestNG.main(RemoteTestNG.java:76)
Caused by: java.net.ConnectException: Connection timed out: connect
	at java.net.DualStackPlainSocketImpl.connect0(Native Method)
	at java.net.DualStackPlainSocketImpl.socketConnect(Unknown Source)
	at java.net.AbstractPlainSocketImpl.doConnect(Unknown Source)
	at java.net.AbstractPlainSocketImpl.connectToAddress(Unknown Source)
	at java.net.AbstractPlainSocketImpl.connect(Unknown Source)
	at java.net.PlainSocketImpl.connect(Unknown Source)
	at java.net.SocksSocketImpl.connect(Unknown Source)
	at java.net.Socket.connect(Unknown Source)
	at org.apache.http.conn.scheme.PlainSocketFactory.connectSocket(PlainSocketFactory.java:123)
	at com.eviware.soapui.impl.wsdl.support.http.SoapUIMultiThreadedHttpConnectionManager$SoapUIClientConnectionOperator.openConnection(SoapUIMultiThreadedHttpConnectionManager.java:273)
	... 54 more
2020-05-08 17:17:38,162 ERROR [errorlog] groovy.lang.GroovyRuntimeException: Ambiguous method overloading for method com.eviware.soapui.support.XmlHolder#<init>.
Cannot resolve which method to invoke for [null] due to overlapping prototypes between:
	[interface org.apache.xmlbeans.XmlObject]
	[interface org.w3c.dom.Node]
groovy.lang.GroovyRuntimeException: Ambiguous method overloading for method com.eviware.soapui.support.XmlHolder#<init>.
Cannot resolve which method to invoke for [null] due to overlapping prototypes between:
	[interface org.apache.xmlbeans.XmlObject]
	[interface org.w3c.dom.Node]
	at groovy.lang.MetaClassImpl.chooseMostSpecificParams(MetaClassImpl.java:3241)
	at groovy.lang.MetaClassImpl.chooseMethodInternal(MetaClassImpl.java:3194)
	at groovy.lang.MetaClassImpl.chooseMethod(MetaClassImpl.java:3137)
	at groovy.lang.MetaClassImpl.createConstructorSite(MetaClassImpl.java:3431)
	at org.codehaus.groovy.runtime.callsite.CallSiteArray.createCallConstructorSite(CallSiteArray.java:91)
	at org.codehaus.groovy.runtime.callsite.CallSiteArray.defaultCallConstructor(CallSiteArray.java:60)
	at org.codehaus.groovy.runtime.callsite.AbstractCallSite.callConstructor(AbstractCallSite.java:235)
	at org.codehaus.groovy.runtime.callsite.AbstractCallSite.callConstructor(AbstractCallSite.java:247)
	at Script1.run(Script1.groovy:12)
	at com.eviware.soapui.support.scripting.groovy.SoapUIGroovyScriptEngine.run(SoapUIGroovyScriptEngine.java:90)
	at com.eviware.soapui.impl.wsdl.teststeps.WsdlGroovyScriptTestStep.run(WsdlGroovyScriptTestStep.java:141)
	at com.eviware.soapui.impl.wsdl.support.AbstractTestCaseRunner.runTestStep(AbstractTestCaseRunner.java:211)
	at com.eviware.soapui.impl.wsdl.testcase.WsdlTestCaseRunner.runCurrentTestStep(WsdlTestCaseRunner.java:47)
	at com.eviware.soapui.impl.wsdl.support.AbstractTestCaseRunner.internalRun(AbstractTestCaseRunner.java:138)
	at com.eviware.soapui.impl.wsdl.support.AbstractTestCaseRunner.internalRun(AbstractTestCaseRunner.java:46)
	at com.eviware.soapui.impl.wsdl.support.AbstractTestRunner.run(AbstractTestRunner.java:128)
	at com.eviware.soapui.impl.wsdl.support.AbstractTestRunner.start(AbstractTestRunner.java:76)
	at com.eviware.soapui.impl.wsdl.testcase.WsdlTestCase.run(WsdlTestCase.java:594)
	at soapUIDemo.SoapUITestngTest.SoapUItestrun(SoapUITestngTest.java:30)
	at sun.reflect.NativeMethodAccessorImpl.invoke0(Native Method)
	at sun.reflect.NativeMethodAccessorImpl.invoke(Unknown Source)
	at sun.reflect.DelegatingMethodAccessorImpl.invoke(Unknown Source)
	at java.lang.reflect.Method.invoke(Unknown Source)
	at org.testng.internal.MethodInvocationHelper.invokeMethod(MethodInvocationHelper.java:124)
	at org.testng.internal.Invoker.invokeMethod(Invoker.java:583)
	at org.testng.internal.Invoker.invokeTestMethod(Invoker.java:719)
	at org.testng.internal.Invoker.invokeTestMethods(Invoker.java:989)
	at org.testng.internal.TestMethodWorker.invokeTestMethods(TestMethodWorker.java:125)
	at org.testng.internal.TestMethodWorker.run(TestMethodWorker.java:109)
	at org.testng.TestRunner.privateRun(TestRunner.java:648)
	at org.testng.TestRunner.run(TestRunner.java:505)
	at org.testng.SuiteRunner.runTest(SuiteRunner.java:455)
	at org.testng.SuiteRunner.runSequentially(SuiteRunner.java:450)
	at org.testng.SuiteRunner.privateRun(SuiteRunner.java:415)
	at org.testng.SuiteRunner.run(SuiteRunner.java:364)
	at org.testng.SuiteRunnerWorker.runSuite(SuiteRunnerWorker.java:52)
	at org.testng.SuiteRunnerWorker.run(SuiteRunnerWorker.java:84)
	at org.testng.TestNG.runSuitesSequentially(TestNG.java:1208)
	at org.testng.TestNG.runSuitesLocally(TestNG.java:1137)
	at org.testng.TestNG.runSuites(TestNG.java:1049)
	at org.testng.TestNG.run(TestNG.java:1017)
	at org.testng.remote.AbstractRemoteTestNG.run(AbstractRemoteTestNG.java:132)
	at org.testng.remote.RemoteTestNG.initAndRun(RemoteTestNG.java:230)
	at org.testng.remote.RemoteTestNG.main(RemoteTestNG.java:76)
2020-05-08 17:18:45,116 ERROR [WsdlSubmit] Exception in request: java.net.NoRouteToHostException: No route to host: connect
2020-05-08 17:18:45,127 ERROR [errorlog] java.net.NoRouteToHostException: No route to host: connect
java.net.NoRouteToHostException: No route to host: connect
	at java.net.DualStackPlainSocketImpl.connect0(Native Method)
	at java.net.DualStackPlainSocketImpl.socketConnect(Unknown Source)
	at java.net.AbstractPlainSocketImpl.doConnect(Unknown Source)
	at java.net.AbstractPlainSocketImpl.connectToAddress(Unknown Source)
	at java.net.AbstractPlainSocketImpl.connect(Unknown Source)
	at java.net.PlainSocketImpl.connect(Unknown Source)
	at java.net.SocksSocketImpl.connect(Unknown Source)
	at java.net.Socket.connect(Unknown Source)
	at org.apache.http.conn.scheme.PlainSocketFactory.connectSocket(PlainSocketFactory.java:123)
	at com.eviware.soapui.impl.wsdl.support.http.SoapUIMultiThreadedHttpConnectionManager$SoapUIClientConnectionOperator.openConnection(SoapUIMultiThreadedHttpConnectionManager.java:273)
	at org.apache.http.impl.conn.AbstractPoolEntry.open(AbstractPoolEntry.java:149)
	at org.apache.http.impl.conn.AbstractPooledConnAdapter.open(AbstractPooledConnAdapter.java:121)
	at org.apache.http.impl.client.DefaultRequestDirector.tryConnect(DefaultRequestDirector.java:561)
	at org.apache.http.impl.client.DefaultRequestDirector.execute(DefaultRequestDirector.java:415)
	at org.apache.http.impl.client.AbstractHttpClient.execute(AbstractHttpClient.java:820)
	at org.apache.http.impl.client.AbstractHttpClient.execute(AbstractHttpClient.java:754)
	at com.eviware.soapui.impl.wsdl.support.http.HttpClientSupport$Helper.execute(HttpClientSupport.java:233)
	at com.eviware.soapui.impl.wsdl.support.http.HttpClientSupport.execute(HttpClientSupport.java:323)
	at com.eviware.soapui.impl.wsdl.submit.transports.http.HttpClientRequestTransport.submitRequest(HttpClientRequestTransport.java:301)
	at com.eviware.soapui.impl.wsdl.submit.transports.http.HttpClientRequestTransport.sendRequest(HttpClientRequestTransport.java:231)
	at com.eviware.soapui.impl.wsdl.WsdlSubmit.run(WsdlSubmit.java:119)
	at com.eviware.soapui.impl.wsdl.WsdlSubmit.submitRequest(WsdlSubmit.java:79)
	at com.eviware.soapui.impl.wsdl.WsdlRequest.submit(WsdlRequest.java:217)
	at com.eviware.soapui.impl.wsdl.teststeps.WsdlTestRequestStep.run(WsdlTestRequestStep.java:364)
	at com.eviware.soapui.impl.wsdl.support.AbstractTestCaseRunner.runTestStep(AbstractTestCaseRunner.java:211)
	at com.eviware.soapui.impl.wsdl.testcase.WsdlTestCaseRunner.runCurrentTestStep(WsdlTestCaseRunner.java:47)
	at com.eviware.soapui.impl.wsdl.support.AbstractTestCaseRunner.internalRun(AbstractTestCaseRunner.java:138)
	at com.eviware.soapui.impl.wsdl.support.AbstractTestCaseRunner.internalRun(AbstractTestCaseRunner.java:46)
	at com.eviware.soapui.impl.wsdl.support.AbstractTestRunner.run(AbstractTestRunner.java:128)
	at com.eviware.soapui.impl.wsdl.support.AbstractTestRunner.start(AbstractTestRunner.java:76)
	at com.eviware.soapui.impl.wsdl.testcase.WsdlTestCase.run(WsdlTestCase.java:594)
	at soapUIDemo.SoapUITestngTest.SoapUItestrun(SoapUITestngTest.java:30)
	at sun.reflect.NativeMethodAccessorImpl.invoke0(Native Method)
	at sun.reflect.NativeMethodAccessorImpl.invoke(Unknown Source)
	at sun.reflect.DelegatingMethodAccessorImpl.invoke(Unknown Source)
	at java.lang.reflect.Method.invoke(Unknown Source)
	at org.testng.internal.MethodInvocationHelper.invokeMethod(MethodInvocationHelper.java:124)
	at org.testng.internal.Invoker.invokeMethod(Invoker.java:583)
	at org.testng.internal.Invoker.invokeTestMethod(Invoker.java:719)
	at org.testng.internal.Invoker.invokeTestMethods(Invoker.java:989)
	at org.testng.internal.TestMethodWorker.invokeTestMethods(TestMethodWorker.java:125)
	at org.testng.internal.TestMethodWorker.run(TestMethodWorker.java:109)
	at org.testng.TestRunner.privateRun(TestRunner.java:648)
	at org.testng.TestRunner.run(TestRunner.java:505)
	at org.testng.SuiteRunner.runTest(SuiteRunner.java:455)
	at org.testng.SuiteRunner.runSequentially(SuiteRunner.java:450)
	at org.testng.SuiteRunner.privateRun(SuiteRunner.java:415)
	at org.testng.SuiteRunner.run(SuiteRunner.java:364)
	at org.testng.SuiteRunnerWorker.runSuite(SuiteRunnerWorker.java:52)
	at org.testng.SuiteRunnerWorker.run(SuiteRunnerWorker.java:84)
	at org.testng.TestNG.runSuitesSequentially(TestNG.java:1208)
	at org.testng.TestNG.runSuitesLocally(TestNG.java:1137)
	at org.testng.TestNG.runSuites(TestNG.java:1049)
	at org.testng.TestNG.run(TestNG.java:1017)
	at org.testng.remote.AbstractRemoteTestNG.run(AbstractRemoteTestNG.java:132)
	at org.testng.remote.RemoteTestNG.initAndRun(RemoteTestNG.java:230)
	at org.testng.remote.RemoteTestNG.main(RemoteTestNG.java:76)
2020-05-08 17:19:18,499 ERROR [WsdlSubmit] Exception in request: java.net.NoRouteToHostException: No route to host: connect
2020-05-08 17:19:18,500 ERROR [errorlog] java.net.NoRouteToHostException: No route to host: connect
java.net.NoRouteToHostException: No route to host: connect
	at java.net.DualStackPlainSocketImpl.connect0(Native Method)
	at java.net.DualStackPlainSocketImpl.socketConnect(Unknown Source)
	at java.net.AbstractPlainSocketImpl.doConnect(Unknown Source)
	at java.net.AbstractPlainSocketImpl.connectToAddress(Unknown Source)
	at java.net.AbstractPlainSocketImpl.connect(Unknown Source)
	at java.net.PlainSocketImpl.connect(Unknown Source)
	at java.net.SocksSocketImpl.connect(Unknown Source)
	at java.net.Socket.connect(Unknown Source)
	at org.apache.http.conn.scheme.PlainSocketFactory.connectSocket(PlainSocketFactory.java:123)
	at com.eviware.soapui.impl.wsdl.support.http.SoapUIMultiThreadedHttpConnectionManager$SoapUIClientConnectionOperator.openConnection(SoapUIMultiThreadedHttpConnectionManager.java:273)
	at org.apache.http.impl.conn.AbstractPoolEntry.open(AbstractPoolEntry.java:149)
	at org.apache.http.impl.conn.AbstractPooledConnAdapter.open(AbstractPooledConnAdapter.java:121)
	at org.apache.http.impl.client.DefaultRequestDirector.tryConnect(DefaultRequestDirector.java:561)
	at org.apache.http.impl.client.DefaultRequestDirector.execute(DefaultRequestDirector.java:415)
	at org.apache.http.impl.client.AbstractHttpClient.execute(AbstractHttpClient.java:820)
	at org.apache.http.impl.client.AbstractHttpClient.execute(AbstractHttpClient.java:754)
	at com.eviware.soapui.impl.wsdl.support.http.HttpClientSupport$Helper.execute(HttpClientSupport.java:233)
	at com.eviware.soapui.impl.wsdl.support.http.HttpClientSupport.execute(HttpClientSupport.java:323)
	at com.eviware.soapui.impl.wsdl.submit.transports.http.HttpClientRequestTransport.submitRequest(HttpClientRequestTransport.java:301)
	at com.eviware.soapui.impl.wsdl.submit.transports.http.HttpClientRequestTransport.sendRequest(HttpClientRequestTransport.java:231)
	at com.eviware.soapui.impl.wsdl.WsdlSubmit.run(WsdlSubmit.java:119)
	at com.eviware.soapui.impl.wsdl.WsdlSubmit.submitRequest(WsdlSubmit.java:79)
	at com.eviware.soapui.impl.wsdl.WsdlRequest.submit(WsdlRequest.java:217)
	at com.eviware.soapui.impl.wsdl.teststeps.WsdlTestRequestStep.run(WsdlTestRequestStep.java:364)
	at com.eviware.soapui.impl.wsdl.support.AbstractTestCaseRunner.runTestStep(AbstractTestCaseRunner.java:211)
	at com.eviware.soapui.impl.wsdl.testcase.WsdlTestCaseRunner.runCurrentTestStep(WsdlTestCaseRunner.java:47)
	at com.eviware.soapui.impl.wsdl.support.AbstractTestCaseRunner.internalRun(AbstractTestCaseRunner.java:138)
	at com.eviware.soapui.impl.wsdl.support.AbstractTestCaseRunner.internalRun(AbstractTestCaseRunner.java:46)
	at com.eviware.soapui.impl.wsdl.support.AbstractTestRunner.run(AbstractTestRunner.java:128)
	at com.eviware.soapui.impl.wsdl.support.AbstractTestRunner.start(AbstractTestRunner.java:76)
	at com.eviware.soapui.impl.wsdl.testcase.WsdlTestCase.run(WsdlTestCase.java:594)
	at soapUIDemo.SoapUITestngTest.SoapUItestrun(SoapUITestngTest.java:30)
	at sun.reflect.NativeMethodAccessorImpl.invoke0(Native Method)
	at sun.reflect.NativeMethodAccessorImpl.invoke(Unknown Source)
	at sun.reflect.DelegatingMethodAccessorImpl.invoke(Unknown Source)
	at java.lang.reflect.Method.invoke(Unknown Source)
	at org.testng.internal.MethodInvocationHelper.invokeMethod(MethodInvocationHelper.java:124)
	at org.testng.internal.Invoker.invokeMethod(Invoker.java:583)
	at org.testng.internal.Invoker.invokeTestMethod(Invoker.java:719)
	at org.testng.internal.Invoker.invokeTestMethods(Invoker.java:989)
	at org.testng.internal.TestMethodWorker.invokeTestMethods(TestMethodWorker.java:125)
	at org.testng.internal.TestMethodWorker.run(TestMethodWorker.java:109)
	at org.testng.TestRunner.privateRun(TestRunner.java:648)
	at org.testng.TestRunner.run(TestRunner.java:505)
	at org.testng.SuiteRunner.runTest(SuiteRunner.java:455)
	at org.testng.SuiteRunner.runSequentially(SuiteRunner.java:450)
	at org.testng.SuiteRunner.privateRun(SuiteRunner.java:415)
	at org.testng.SuiteRunner.run(SuiteRunner.java:364)
	at org.testng.SuiteRunnerWorker.runSuite(SuiteRunnerWorker.java:52)
	at org.testng.SuiteRunnerWorker.run(SuiteRunnerWorker.java:84)
	at org.testng.TestNG.runSuitesSequentially(TestNG.java:1208)
	at org.testng.TestNG.runSuitesLocally(TestNG.java:1137)
	at org.testng.TestNG.runSuites(TestNG.java:1049)
	at org.testng.TestNG.run(TestNG.java:1017)
	at org.testng.remote.AbstractRemoteTestNG.run(AbstractRemoteTestNG.java:132)
	at org.testng.remote.RemoteTestNG.initAndRun(RemoteTestNG.java:230)
	at org.testng.remote.RemoteTestNG.main(RemoteTestNG.java:76)
2020-05-08 17:21:51,146 ERROR [errorlog] nu.xom.IllegalCharacterDataException: 0x8 is not allowed in XML content
nu.xom.IllegalCharacterDataException: 0x8 is not allowed in XML content
	at nu.xom.Verifier.throwIllegalCharacterDataException(Verifier.java:154)
	at nu.xom.Verifier.checkPCDATA(Verifier.java:205)
	at nu.xom.Text._setValue(Text.java:126)
	at nu.xom.Text.<init>(Text.java:62)
	at nu.xom.Element.appendChild(Element.java:1069)
	at com.eviware.soapui.impl.rest.support.handlers.JsonXmlSerializer.processJSONValue(JsonXmlSerializer.java:1050)
	at com.eviware.soapui.impl.rest.support.handlers.JsonXmlSerializer.processJSONObject(JsonXmlSerializer.java:1011)
	at com.eviware.soapui.impl.rest.support.handlers.JsonXmlSerializer.processJSONValue(JsonXmlSerializer.java:1060)
	at com.eviware.soapui.impl.rest.support.handlers.JsonXmlSerializer.processJSONArray(JsonXmlSerializer.java:934)
	at com.eviware.soapui.impl.rest.support.handlers.JsonXmlSerializer.write(JsonXmlSerializer.java:621)
	at com.eviware.soapui.impl.rest.support.handlers.JsonXmlSerializer.write(JsonXmlSerializer.java:599)
	at com.eviware.soapui.impl.rest.support.handlers.JsonMediaTypeHandler.createXmlRepresentation(JsonMediaTypeHandler.java:61)
	at com.eviware.soapui.impl.wsdl.submit.transports.http.BaseHttpResponse.getContentAsXml(BaseHttpResponse.java:382)
	at com.eviware.soapui.impl.wsdl.teststeps.RestTestRequestStep.propertyChange(RestTestRequestStep.java:431)
	at java.beans.PropertyChangeSupport.fire(Unknown Source)
	at java.beans.PropertyChangeSupport.firePropertyChange(Unknown Source)
	at java.beans.PropertyChangeSupport.firePropertyChange(Unknown Source)
	at com.eviware.soapui.model.support.AbstractModelItem.notifyPropertyChanged(AbstractModelItem.java:71)
	at com.eviware.soapui.impl.support.AbstractHttpRequest.setResponse(AbstractHttpRequest.java:795)
	at com.eviware.soapui.impl.wsdl.teststeps.RestTestRequest.setResponse(RestTestRequest.java:127)
	at com.eviware.soapui.impl.wsdl.teststeps.RestTestRequestStep.run(RestTestRequestStep.java:810)
	at com.eviware.soapui.impl.wsdl.support.AbstractTestCaseRunner.runTestStep(AbstractTestCaseRunner.java:211)
	at com.eviware.soapui.impl.wsdl.testcase.WsdlTestCaseRunner.runCurrentTestStep(WsdlTestCaseRunner.java:47)
	at com.eviware.soapui.impl.wsdl.support.AbstractTestCaseRunner.internalRun(AbstractTestCaseRunner.java:138)
	at com.eviware.soapui.impl.wsdl.support.AbstractTestCaseRunner.internalRun(AbstractTestCaseRunner.java:46)
	at com.eviware.soapui.impl.wsdl.support.AbstractTestRunner.run(AbstractTestRunner.java:128)
	at com.eviware.soapui.impl.wsdl.support.AbstractTestRunner.start(AbstractTestRunner.java:76)
	at com.eviware.soapui.impl.wsdl.testcase.WsdlTestCase.run(WsdlTestCase.java:594)
	at soapUIDemo.SoapUIRESTserviceTest.SoapUItestrun(SoapUIRESTserviceTest.java:31)
	at sun.reflect.NativeMethodAccessorImpl.invoke0(Native Method)
	at sun.reflect.NativeMethodAccessorImpl.invoke(Unknown Source)
	at sun.reflect.DelegatingMethodAccessorImpl.invoke(Unknown Source)
	at java.lang.reflect.Method.invoke(Unknown Source)
	at org.testng.internal.MethodInvocationHelper.invokeMethod(MethodInvocationHelper.java:124)
	at org.testng.internal.Invoker.invokeMethod(Invoker.java:583)
	at org.testng.internal.Invoker.invokeTestMethod(Invoker.java:719)
	at org.testng.internal.Invoker.invokeTestMethods(Invoker.java:989)
	at org.testng.internal.TestMethodWorker.invokeTestMethods(TestMethodWorker.java:125)
	at org.testng.internal.TestMethodWorker.run(TestMethodWorker.java:109)
	at org.testng.TestRunner.privateRun(TestRunner.java:648)
	at org.testng.TestRunner.run(TestRunner.java:505)
	at org.testng.SuiteRunner.runTest(SuiteRunner.java:455)
	at org.testng.SuiteRunner.runSequentially(SuiteRunner.java:450)
	at org.testng.SuiteRunner.privateRun(SuiteRunner.java:415)
	at org.testng.SuiteRunner.run(SuiteRunner.java:364)
	at org.testng.SuiteRunnerWorker.runSuite(SuiteRunnerWorker.java:52)
	at org.testng.SuiteRunnerWorker.run(SuiteRunnerWorker.java:84)
	at org.testng.TestNG.runSuitesSequentially(TestNG.java:1208)
	at org.testng.TestNG.runSuitesLocally(TestNG.java:1137)
	at org.testng.TestNG.runSuites(TestNG.java:1049)
	at org.testng.TestNG.run(TestNG.java:1017)
	at org.testng.remote.AbstractRemoteTestNG.run(AbstractRemoteTestNG.java:132)
	at org.testng.remote.RemoteTestNG.initAndRun(RemoteTestNG.java:230)
	at org.testng.remote.RemoteTestNG.main(RemoteTestNG.java:76)
2020-05-08 17:43:59,990 ERROR [errorlog] nu.xom.IllegalCharacterDataException: 0x8 is not allowed in XML content
nu.xom.IllegalCharacterDataException: 0x8 is not allowed in XML content
	at nu.xom.Verifier.throwIllegalCharacterDataException(Verifier.java:154)
	at nu.xom.Verifier.checkPCDATA(Verifier.java:205)
	at nu.xom.Text._setValue(Text.java:126)
	at nu.xom.Text.<init>(Text.java:62)
	at nu.xom.Element.appendChild(Element.java:1069)
	at com.eviware.soapui.impl.rest.support.handlers.JsonXmlSerializer.processJSONValue(JsonXmlSerializer.java:1050)
	at com.eviware.soapui.impl.rest.support.handlers.JsonXmlSerializer.processJSONObject(JsonXmlSerializer.java:1011)
	at com.eviware.soapui.impl.rest.support.handlers.JsonXmlSerializer.processJSONValue(JsonXmlSerializer.java:1060)
	at com.eviware.soapui.impl.rest.support.handlers.JsonXmlSerializer.processJSONArray(JsonXmlSerializer.java:934)
	at com.eviware.soapui.impl.rest.support.handlers.JsonXmlSerializer.write(JsonXmlSerializer.java:621)
	at com.eviware.soapui.impl.rest.support.handlers.JsonXmlSerializer.write(JsonXmlSerializer.java:599)
	at com.eviware.soapui.impl.rest.support.handlers.JsonMediaTypeHandler.createXmlRepresentation(JsonMediaTypeHandler.java:61)
	at com.eviware.soapui.impl.wsdl.submit.transports.http.BaseHttpResponse.getContentAsXml(BaseHttpResponse.java:382)
	at com.eviware.soapui.impl.wsdl.teststeps.RestTestRequestStep.propertyChange(RestTestRequestStep.java:431)
	at java.beans.PropertyChangeSupport.fire(Unknown Source)
	at java.beans.PropertyChangeSupport.firePropertyChange(Unknown Source)
	at java.beans.PropertyChangeSupport.firePropertyChange(Unknown Source)
	at com.eviware.soapui.model.support.AbstractModelItem.notifyPropertyChanged(AbstractModelItem.java:71)
	at com.eviware.soapui.impl.support.AbstractHttpRequest.setResponse(AbstractHttpRequest.java:795)
	at com.eviware.soapui.impl.wsdl.teststeps.RestTestRequest.setResponse(RestTestRequest.java:127)
	at com.eviware.soapui.impl.wsdl.teststeps.RestTestRequestStep.run(RestTestRequestStep.java:810)
	at com.eviware.soapui.impl.wsdl.support.AbstractTestCaseRunner.runTestStep(AbstractTestCaseRunner.java:211)
	at com.eviware.soapui.impl.wsdl.testcase.WsdlTestCaseRunner.runCurrentTestStep(WsdlTestCaseRunner.java:47)
	at com.eviware.soapui.impl.wsdl.support.AbstractTestCaseRunner.internalRun(AbstractTestCaseRunner.java:138)
	at com.eviware.soapui.impl.wsdl.support.AbstractTestCaseRunner.internalRun(AbstractTestCaseRunner.java:46)
	at com.eviware.soapui.impl.wsdl.support.AbstractTestRunner.run(AbstractTestRunner.java:128)
	at com.eviware.soapui.impl.wsdl.support.AbstractTestRunner.start(AbstractTestRunner.java:76)
	at com.eviware.soapui.impl.wsdl.testcase.WsdlTestCase.run(WsdlTestCase.java:594)
	at soapUIDemo.RESTservicesTest.SoapUItestrun(RESTservicesTest.java:34)
	at sun.reflect.NativeMethodAccessorImpl.invoke0(Native Method)
	at sun.reflect.NativeMethodAccessorImpl.invoke(Unknown Source)
	at sun.reflect.DelegatingMethodAccessorImpl.invoke(Unknown Source)
	at java.lang.reflect.Method.invoke(Unknown Source)
	at org.testng.internal.MethodInvocationHelper.invokeMethod(MethodInvocationHelper.java:124)
	at org.testng.internal.Invoker.invokeMethod(Invoker.java:583)
	at org.testng.internal.Invoker.invokeTestMethod(Invoker.java:719)
	at org.testng.internal.Invoker.invokeTestMethods(Invoker.java:989)
	at org.testng.internal.TestMethodWorker.invokeTestMethods(TestMethodWorker.java:125)
	at org.testng.internal.TestMethodWorker.run(TestMethodWorker.java:109)
	at org.testng.TestRunner.privateRun(TestRunner.java:648)
	at org.testng.TestRunner.run(TestRunner.java:505)
	at org.testng.SuiteRunner.runTest(SuiteRunner.java:455)
	at org.testng.SuiteRunner.runSequentially(SuiteRunner.java:450)
	at org.testng.SuiteRunner.privateRun(SuiteRunner.java:415)
	at org.testng.SuiteRunner.run(SuiteRunner.java:364)
	at org.testng.SuiteRunnerWorker.runSuite(SuiteRunnerWorker.java:52)
	at org.testng.SuiteRunnerWorker.run(SuiteRunnerWorker.java:84)
	at org.testng.TestNG.runSuitesSequentially(TestNG.java:1208)
	at org.testng.TestNG.runSuitesLocally(TestNG.java:1137)
	at org.testng.TestNG.runSuites(TestNG.java:1049)
	at org.testng.TestNG.run(TestNG.java:1017)
	at org.testng.remote.AbstractRemoteTestNG.run(AbstractRemoteTestNG.java:132)
	at org.testng.remote.RemoteTestNG.initAndRun(RemoteTestNG.java:230)
	at org.testng.remote.RemoteTestNG.main(RemoteTestNG.java:76)
2020-05-08 17:47:09,213 ERROR [errorlog] nu.xom.IllegalCharacterDataException: 0x8 is not allowed in XML content
nu.xom.IllegalCharacterDataException: 0x8 is not allowed in XML content
	at nu.xom.Verifier.throwIllegalCharacterDataException(Verifier.java:154)
	at nu.xom.Verifier.checkPCDATA(Verifier.java:205)
	at nu.xom.Text._setValue(Text.java:126)
	at nu.xom.Text.<init>(Text.java:62)
	at nu.xom.Element.appendChild(Element.java:1069)
	at com.eviware.soapui.impl.rest.support.handlers.JsonXmlSerializer.processJSONValue(JsonXmlSerializer.java:1050)
	at com.eviware.soapui.impl.rest.support.handlers.JsonXmlSerializer.processJSONObject(JsonXmlSerializer.java:1011)
	at com.eviware.soapui.impl.rest.support.handlers.JsonXmlSerializer.processJSONValue(JsonXmlSerializer.java:1060)
	at com.eviware.soapui.impl.rest.support.handlers.JsonXmlSerializer.processJSONArray(JsonXmlSerializer.java:934)
	at com.eviware.soapui.impl.rest.support.handlers.JsonXmlSerializer.write(JsonXmlSerializer.java:621)
	at com.eviware.soapui.impl.rest.support.handlers.JsonXmlSerializer.write(JsonXmlSerializer.java:599)
	at com.eviware.soapui.impl.rest.support.handlers.JsonMediaTypeHandler.createXmlRepresentation(JsonMediaTypeHandler.java:61)
	at com.eviware.soapui.impl.wsdl.submit.transports.http.BaseHttpResponse.getContentAsXml(BaseHttpResponse.java:382)
	at com.eviware.soapui.impl.wsdl.teststeps.RestTestRequestStep.propertyChange(RestTestRequestStep.java:431)
	at java.beans.PropertyChangeSupport.fire(Unknown Source)
	at java.beans.PropertyChangeSupport.firePropertyChange(Unknown Source)
	at java.beans.PropertyChangeSupport.firePropertyChange(Unknown Source)
	at com.eviware.soapui.model.support.AbstractModelItem.notifyPropertyChanged(AbstractModelItem.java:71)
	at com.eviware.soapui.impl.support.AbstractHttpRequest.setResponse(AbstractHttpRequest.java:795)
	at com.eviware.soapui.impl.wsdl.teststeps.RestTestRequest.setResponse(RestTestRequest.java:127)
	at com.eviware.soapui.impl.wsdl.teststeps.RestTestRequestStep.run(RestTestRequestStep.java:810)
	at com.eviware.soapui.impl.wsdl.support.AbstractTestCaseRunner.runTestStep(AbstractTestCaseRunner.java:211)
	at com.eviware.soapui.impl.wsdl.testcase.WsdlTestCaseRunner.runCurrentTestStep(WsdlTestCaseRunner.java:47)
	at com.eviware.soapui.impl.wsdl.support.AbstractTestCaseRunner.internalRun(AbstractTestCaseRunner.java:138)
	at com.eviware.soapui.impl.wsdl.support.AbstractTestCaseRunner.internalRun(AbstractTestCaseRunner.java:46)
	at com.eviware.soapui.impl.wsdl.support.AbstractTestRunner.run(AbstractTestRunner.java:128)
	at com.eviware.soapui.impl.wsdl.support.AbstractTestRunner.start(AbstractTestRunner.java:76)
	at com.eviware.soapui.impl.wsdl.testcase.WsdlTestCase.run(WsdlTestCase.java:594)
	at soapUIDemo.RESTservicesTest.SoapUItestrun(RESTservicesTest.java:35)
	at sun.reflect.NativeMethodAccessorImpl.invoke0(Native Method)
	at sun.reflect.NativeMethodAccessorImpl.invoke(Unknown Source)
	at sun.reflect.DelegatingMethodAccessorImpl.invoke(Unknown Source)
	at java.lang.reflect.Method.invoke(Unknown Source)
	at org.testng.internal.MethodInvocationHelper.invokeMethod(MethodInvocationHelper.java:124)
	at org.testng.internal.Invoker.invokeMethod(Invoker.java:583)
	at org.testng.internal.Invoker.invokeTestMethod(Invoker.java:719)
	at org.testng.internal.Invoker.invokeTestMethods(Invoker.java:989)
	at org.testng.internal.TestMethodWorker.invokeTestMethods(TestMethodWorker.java:125)
	at org.testng.internal.TestMethodWorker.run(TestMethodWorker.java:109)
	at org.testng.TestRunner.privateRun(TestRunner.java:648)
	at org.testng.TestRunner.run(TestRunner.java:505)
	at org.testng.SuiteRunner.runTest(SuiteRunner.java:455)
	at org.testng.SuiteRunner.runSequentially(SuiteRunner.java:450)
	at org.testng.SuiteRunner.privateRun(SuiteRunner.java:415)
	at org.testng.SuiteRunner.run(SuiteRunner.java:364)
	at org.testng.SuiteRunnerWorker.runSuite(SuiteRunnerWorker.java:52)
	at org.testng.SuiteRunnerWorker.run(SuiteRunnerWorker.java:84)
	at org.testng.TestNG.runSuitesSequentially(TestNG.java:1208)
	at org.testng.TestNG.runSuitesLocally(TestNG.java:1137)
	at org.testng.TestNG.runSuites(TestNG.java:1049)
	at org.testng.TestNG.run(TestNG.java:1017)
	at org.testng.remote.AbstractRemoteTestNG.run(AbstractRemoteTestNG.java:132)
	at org.testng.remote.RemoteTestNG.initAndRun(RemoteTestNG.java:230)
	at org.testng.remote.RemoteTestNG.main(RemoteTestNG.java:76)
2020-05-08 18:57:03,830 ERROR [errorlog] nu.xom.IllegalCharacterDataException: 0x8 is not allowed in XML content
nu.xom.IllegalCharacterDataException: 0x8 is not allowed in XML content
	at nu.xom.Verifier.throwIllegalCharacterDataException(Verifier.java:154)
	at nu.xom.Verifier.checkPCDATA(Verifier.java:205)
	at nu.xom.Text._setValue(Text.java:126)
	at nu.xom.Text.<init>(Text.java:62)
	at nu.xom.Element.appendChild(Element.java:1069)
	at com.eviware.soapui.impl.rest.support.handlers.JsonXmlSerializer.processJSONValue(JsonXmlSerializer.java:1050)
	at com.eviware.soapui.impl.rest.support.handlers.JsonXmlSerializer.processJSONObject(JsonXmlSerializer.java:1011)
	at com.eviware.soapui.impl.rest.support.handlers.JsonXmlSerializer.processJSONValue(JsonXmlSerializer.java:1060)
	at com.eviware.soapui.impl.rest.support.handlers.JsonXmlSerializer.processJSONArray(JsonXmlSerializer.java:934)
	at com.eviware.soapui.impl.rest.support.handlers.JsonXmlSerializer.write(JsonXmlSerializer.java:621)
	at com.eviware.soapui.impl.rest.support.handlers.JsonXmlSerializer.write(JsonXmlSerializer.java:599)
	at com.eviware.soapui.impl.rest.support.handlers.JsonMediaTypeHandler.createXmlRepresentation(JsonMediaTypeHandler.java:61)
	at com.eviware.soapui.impl.wsdl.submit.transports.http.BaseHttpResponse.getContentAsXml(BaseHttpResponse.java:382)
	at com.eviware.soapui.impl.wsdl.teststeps.RestTestRequestStep.propertyChange(RestTestRequestStep.java:431)
	at java.beans.PropertyChangeSupport.fire(Unknown Source)
	at java.beans.PropertyChangeSupport.firePropertyChange(Unknown Source)
	at java.beans.PropertyChangeSupport.firePropertyChange(Unknown Source)
	at com.eviware.soapui.model.support.AbstractModelItem.notifyPropertyChanged(AbstractModelItem.java:71)
	at com.eviware.soapui.impl.support.AbstractHttpRequest.setResponse(AbstractHttpRequest.java:795)
	at com.eviware.soapui.impl.wsdl.teststeps.RestTestRequest.setResponse(RestTestRequest.java:127)
	at com.eviware.soapui.impl.wsdl.teststeps.RestTestRequestStep.run(RestTestRequestStep.java:810)
	at com.eviware.soapui.impl.wsdl.support.AbstractTestCaseRunner.runTestStep(AbstractTestCaseRunner.java:211)
	at com.eviware.soapui.impl.wsdl.testcase.WsdlTestCaseRunner.runCurrentTestStep(WsdlTestCaseRunner.java:47)
	at com.eviware.soapui.impl.wsdl.support.AbstractTestCaseRunner.internalRun(AbstractTestCaseRunner.java:138)
	at com.eviware.soapui.impl.wsdl.support.AbstractTestCaseRunner.internalRun(AbstractTestCaseRunner.java:46)
	at com.eviware.soapui.impl.wsdl.support.AbstractTestRunner.run(AbstractTestRunner.java:128)
	at com.eviware.soapui.impl.wsdl.support.AbstractTestRunner.start(AbstractTestRunner.java:76)
	at com.eviware.soapui.impl.wsdl.testcase.WsdlTestCase.run(WsdlTestCase.java:594)
	at RESTservice.RESTservicesTest.SoapUItestrun(RESTservicesTest.java:34)
	at sun.reflect.NativeMethodAccessorImpl.invoke0(Native Method)
	at sun.reflect.NativeMethodAccessorImpl.invoke(Unknown Source)
	at sun.reflect.DelegatingMethodAccessorImpl.invoke(Unknown Source)
	at java.lang.reflect.Method.invoke(Unknown Source)
	at org.testng.internal.MethodInvocationHelper.invokeMethod(MethodInvocationHelper.java:124)
	at org.testng.internal.Invoker.invokeMethod(Invoker.java:583)
	at org.testng.internal.Invoker.invokeTestMethod(Invoker.java:719)
	at org.testng.internal.Invoker.invokeTestMethods(Invoker.java:989)
	at org.testng.internal.TestMethodWorker.invokeTestMethods(TestMethodWorker.java:125)
	at org.testng.internal.TestMethodWorker.run(TestMethodWorker.java:109)
	at org.testng.TestRunner.privateRun(TestRunner.java:648)
	at org.testng.TestRunner.run(TestRunner.java:505)
	at org.testng.SuiteRunner.runTest(SuiteRunner.java:455)
	at org.testng.SuiteRunner.runSequentially(SuiteRunner.java:450)
	at org.testng.SuiteRunner.privateRun(SuiteRunner.java:415)
	at org.testng.SuiteRunner.run(SuiteRunner.java:364)
	at org.testng.SuiteRunnerWorker.runSuite(SuiteRunnerWorker.java:52)
	at org.testng.SuiteRunnerWorker.run(SuiteRunnerWorker.java:84)
	at org.testng.TestNG.runSuitesSequentially(TestNG.java:1208)
	at org.testng.TestNG.runSuitesLocally(TestNG.java:1137)
	at org.testng.TestNG.runSuites(TestNG.java:1049)
	at org.testng.TestNG.run(TestNG.java:1017)
	at org.testng.remote.AbstractRemoteTestNG.run(AbstractRemoteTestNG.java:132)
	at org.testng.remote.RemoteTestNG.initAndRun(RemoteTestNG.java:230)
	at org.testng.remote.RemoteTestNG.main(RemoteTestNG.java:76)
2020-05-08 18:57:07,490 ERROR [errorlog] nu.xom.IllegalCharacterDataException: 0x8 is not allowed in XML content
nu.xom.IllegalCharacterDataException: 0x8 is not allowed in XML content
	at nu.xom.Verifier.throwIllegalCharacterDataException(Verifier.java:154)
	at nu.xom.Verifier.checkPCDATA(Verifier.java:205)
	at nu.xom.Text._setValue(Text.java:126)
	at nu.xom.Text.<init>(Text.java:62)
	at nu.xom.Element.appendChild(Element.java:1069)
	at com.eviware.soapui.impl.rest.support.handlers.JsonXmlSerializer.processJSONValue(JsonXmlSerializer.java:1050)
	at com.eviware.soapui.impl.rest.support.handlers.JsonXmlSerializer.processJSONObject(JsonXmlSerializer.java:1011)
	at com.eviware.soapui.impl.rest.support.handlers.JsonXmlSerializer.processJSONValue(JsonXmlSerializer.java:1060)
	at com.eviware.soapui.impl.rest.support.handlers.JsonXmlSerializer.processJSONArray(JsonXmlSerializer.java:934)
	at com.eviware.soapui.impl.rest.support.handlers.JsonXmlSerializer.write(JsonXmlSerializer.java:621)
	at com.eviware.soapui.impl.rest.support.handlers.JsonXmlSerializer.write(JsonXmlSerializer.java:599)
	at com.eviware.soapui.impl.rest.support.handlers.JsonMediaTypeHandler.createXmlRepresentation(JsonMediaTypeHandler.java:61)
	at com.eviware.soapui.impl.wsdl.submit.transports.http.BaseHttpResponse.getContentAsXml(BaseHttpResponse.java:382)
	at com.eviware.soapui.impl.wsdl.teststeps.RestTestRequestStep.propertyChange(RestTestRequestStep.java:431)
	at java.beans.PropertyChangeSupport.fire(Unknown Source)
	at java.beans.PropertyChangeSupport.firePropertyChange(Unknown Source)
	at java.beans.PropertyChangeSupport.firePropertyChange(Unknown Source)
	at com.eviware.soapui.model.support.AbstractModelItem.notifyPropertyChanged(AbstractModelItem.java:71)
	at com.eviware.soapui.impl.support.AbstractHttpRequest.setResponse(AbstractHttpRequest.java:795)
	at com.eviware.soapui.impl.wsdl.teststeps.RestTestRequest.setResponse(RestTestRequest.java:127)
	at com.eviware.soapui.impl.wsdl.teststeps.RestTestRequestStep.run(RestTestRequestStep.java:810)
	at com.eviware.soapui.impl.wsdl.support.AbstractTestCaseRunner.runTestStep(AbstractTestCaseRunner.java:211)
	at com.eviware.soapui.impl.wsdl.testcase.WsdlTestCaseRunner.runCurrentTestStep(WsdlTestCaseRunner.java:47)
	at com.eviware.soapui.impl.wsdl.support.AbstractTestCaseRunner.internalRun(AbstractTestCaseRunner.java:138)
	at com.eviware.soapui.impl.wsdl.support.AbstractTestCaseRunner.internalRun(AbstractTestCaseRunner.java:46)
	at com.eviware.soapui.impl.wsdl.support.AbstractTestRunner.run(AbstractTestRunner.java:128)
	at com.eviware.soapui.impl.wsdl.support.AbstractTestRunner.start(AbstractTestRunner.java:76)
	at com.eviware.soapui.impl.wsdl.testcase.WsdlTestCase.run(WsdlTestCase.java:594)
	at RESTservice.SoapUIRESTserviceTest.SoapUItestrun(SoapUIRESTserviceTest.java:31)
	at sun.reflect.NativeMethodAccessorImpl.invoke0(Native Method)
	at sun.reflect.NativeMethodAccessorImpl.invoke(Unknown Source)
	at sun.reflect.DelegatingMethodAccessorImpl.invoke(Unknown Source)
	at java.lang.reflect.Method.invoke(Unknown Source)
	at org.testng.internal.MethodInvocationHelper.invokeMethod(MethodInvocationHelper.java:124)
	at org.testng.internal.Invoker.invokeMethod(Invoker.java:583)
	at org.testng.internal.Invoker.invokeTestMethod(Invoker.java:719)
	at org.testng.internal.Invoker.invokeTestMethods(Invoker.java:989)
	at org.testng.internal.TestMethodWorker.invokeTestMethods(TestMethodWorker.java:125)
	at org.testng.internal.TestMethodWorker.run(TestMethodWorker.java:109)
	at org.testng.TestRunner.privateRun(TestRunner.java:648)
	at org.testng.TestRunner.run(TestRunner.java:505)
	at org.testng.SuiteRunner.runTest(SuiteRunner.java:455)
	at org.testng.SuiteRunner.runSequentially(SuiteRunner.java:450)
	at org.testng.SuiteRunner.privateRun(SuiteRunner.java:415)
	at org.testng.SuiteRunner.run(SuiteRunner.java:364)
	at org.testng.SuiteRunnerWorker.runSuite(SuiteRunnerWorker.java:52)
	at org.testng.SuiteRunnerWorker.run(SuiteRunnerWorker.java:84)
	at org.testng.TestNG.runSuitesSequentially(TestNG.java:1208)
	at org.testng.TestNG.runSuitesLocally(TestNG.java:1137)
	at org.testng.TestNG.runSuites(TestNG.java:1049)
	at org.testng.TestNG.run(TestNG.java:1017)
	at org.testng.remote.AbstractRemoteTestNG.run(AbstractRemoteTestNG.java:132)
	at org.testng.remote.RemoteTestNG.initAndRun(RemoteTestNG.java:230)
	at org.testng.remote.RemoteTestNG.main(RemoteTestNG.java:76)
2020-05-08 19:27:21,753 ERROR [errorlog] nu.xom.IllegalCharacterDataException: 0x8 is not allowed in XML content
nu.xom.IllegalCharacterDataException: 0x8 is not allowed in XML content
	at nu.xom.Verifier.throwIllegalCharacterDataException(Verifier.java:154)
	at nu.xom.Verifier.checkPCDATA(Verifier.java:205)
	at nu.xom.Text._setValue(Text.java:126)
	at nu.xom.Text.<init>(Text.java:62)
	at nu.xom.Element.appendChild(Element.java:1069)
	at com.eviware.soapui.impl.rest.support.handlers.JsonXmlSerializer.processJSONValue(JsonXmlSerializer.java:1050)
	at com.eviware.soapui.impl.rest.support.handlers.JsonXmlSerializer.processJSONObject(JsonXmlSerializer.java:1011)
	at com.eviware.soapui.impl.rest.support.handlers.JsonXmlSerializer.processJSONValue(JsonXmlSerializer.java:1060)
	at com.eviware.soapui.impl.rest.support.handlers.JsonXmlSerializer.processJSONArray(JsonXmlSerializer.java:934)
	at com.eviware.soapui.impl.rest.support.handlers.JsonXmlSerializer.write(JsonXmlSerializer.java:621)
	at com.eviware.soapui.impl.rest.support.handlers.JsonXmlSerializer.write(JsonXmlSerializer.java:599)
	at com.eviware.soapui.impl.rest.support.handlers.JsonMediaTypeHandler.createXmlRepresentation(JsonMediaTypeHandler.java:61)
	at com.eviware.soapui.impl.wsdl.submit.transports.http.BaseHttpResponse.getContentAsXml(BaseHttpResponse.java:382)
	at com.eviware.soapui.impl.wsdl.teststeps.RestTestRequestStep.propertyChange(RestTestRequestStep.java:431)
	at java.beans.PropertyChangeSupport.fire(Unknown Source)
	at java.beans.PropertyChangeSupport.firePropertyChange(Unknown Source)
	at java.beans.PropertyChangeSupport.firePropertyChange(Unknown Source)
	at com.eviware.soapui.model.support.AbstractModelItem.notifyPropertyChanged(AbstractModelItem.java:71)
	at com.eviware.soapui.impl.support.AbstractHttpRequest.setResponse(AbstractHttpRequest.java:795)
	at com.eviware.soapui.impl.wsdl.teststeps.RestTestRequest.setResponse(RestTestRequest.java:127)
	at com.eviware.soapui.impl.wsdl.teststeps.RestTestRequestStep.run(RestTestRequestStep.java:810)
	at com.eviware.soapui.impl.wsdl.support.AbstractTestCaseRunner.runTestStep(AbstractTestCaseRunner.java:211)
	at com.eviware.soapui.impl.wsdl.testcase.WsdlTestCaseRunner.runCurrentTestStep(WsdlTestCaseRunner.java:47)
	at com.eviware.soapui.impl.wsdl.support.AbstractTestCaseRunner.internalRun(AbstractTestCaseRunner.java:138)
	at com.eviware.soapui.impl.wsdl.support.AbstractTestCaseRunner.internalRun(AbstractTestCaseRunner.java:46)
	at com.eviware.soapui.impl.wsdl.support.AbstractTestRunner.run(AbstractTestRunner.java:128)
	at com.eviware.soapui.impl.wsdl.support.AbstractTestRunner.start(AbstractTestRunner.java:76)
	at com.eviware.soapui.impl.wsdl.testcase.WsdlTestCase.run(WsdlTestCase.java:594)
	at RESTservice.RESTservicesTest.SoapUItestrun(RESTservicesTest.java:34)
	at sun.reflect.NativeMethodAccessorImpl.invoke0(Native Method)
	at sun.reflect.NativeMethodAccessorImpl.invoke(Unknown Source)
	at sun.reflect.DelegatingMethodAccessorImpl.invoke(Unknown Source)
	at java.lang.reflect.Method.invoke(Unknown Source)
	at org.testng.internal.MethodInvocationHelper.invokeMethod(MethodInvocationHelper.java:124)
	at org.testng.internal.Invoker.invokeMethod(Invoker.java:583)
	at org.testng.internal.Invoker.invokeTestMethod(Invoker.java:719)
	at org.testng.internal.Invoker.invokeTestMethods(Invoker.java:989)
	at org.testng.internal.TestMethodWorker.invokeTestMethods(TestMethodWorker.java:125)
	at org.testng.internal.TestMethodWorker.run(TestMethodWorker.java:109)
	at org.testng.TestRunner.privateRun(TestRunner.java:648)
	at org.testng.TestRunner.run(TestRunner.java:505)
	at org.testng.SuiteRunner.runTest(SuiteRunner.java:455)
	at org.testng.SuiteRunner.runSequentially(SuiteRunner.java:450)
	at org.testng.SuiteRunner.privateRun(SuiteRunner.java:415)
	at org.testng.SuiteRunner.run(SuiteRunner.java:364)
	at org.testng.SuiteRunnerWorker.runSuite(SuiteRunnerWorker.java:52)
	at org.testng.SuiteRunnerWorker.run(SuiteRunnerWorker.java:84)
	at org.testng.TestNG.runSuitesSequentially(TestNG.java:1208)
	at org.testng.TestNG.runSuitesLocally(TestNG.java:1137)
	at org.testng.TestNG.runSuites(TestNG.java:1049)
	at org.testng.TestNG.run(TestNG.java:1017)
	at org.testng.TestNG.privateMain(TestNG.java:1354)
	at org.testng.TestNG.main(TestNG.java:1323)
2020-05-08 19:27:23,454 ERROR [errorlog] nu.xom.IllegalCharacterDataException: 0x8 is not allowed in XML content
nu.xom.IllegalCharacterDataException: 0x8 is not allowed in XML content
	at nu.xom.Verifier.throwIllegalCharacterDataException(Verifier.java:154)
	at nu.xom.Verifier.checkPCDATA(Verifier.java:205)
	at nu.xom.Text._setValue(Text.java:126)
	at nu.xom.Text.<init>(Text.java:62)
	at nu.xom.Element.appendChild(Element.java:1069)
	at com.eviware.soapui.impl.rest.support.handlers.JsonXmlSerializer.processJSONValue(JsonXmlSerializer.java:1050)
	at com.eviware.soapui.impl.rest.support.handlers.JsonXmlSerializer.processJSONObject(JsonXmlSerializer.java:1011)
	at com.eviware.soapui.impl.rest.support.handlers.JsonXmlSerializer.processJSONValue(JsonXmlSerializer.java:1060)
	at com.eviware.soapui.impl.rest.support.handlers.JsonXmlSerializer.processJSONArray(JsonXmlSerializer.java:934)
	at com.eviware.soapui.impl.rest.support.handlers.JsonXmlSerializer.write(JsonXmlSerializer.java:621)
	at com.eviware.soapui.impl.rest.support.handlers.JsonXmlSerializer.write(JsonXmlSerializer.java:599)
	at com.eviware.soapui.impl.rest.support.handlers.JsonMediaTypeHandler.createXmlRepresentation(JsonMediaTypeHandler.java:61)
	at com.eviware.soapui.impl.wsdl.submit.transports.http.BaseHttpResponse.getContentAsXml(BaseHttpResponse.java:382)
	at com.eviware.soapui.impl.wsdl.teststeps.RestTestRequestStep.propertyChange(RestTestRequestStep.java:431)
	at java.beans.PropertyChangeSupport.fire(Unknown Source)
	at java.beans.PropertyChangeSupport.firePropertyChange(Unknown Source)
	at java.beans.PropertyChangeSupport.firePropertyChange(Unknown Source)
	at com.eviware.soapui.model.support.AbstractModelItem.notifyPropertyChanged(AbstractModelItem.java:71)
	at com.eviware.soapui.impl.support.AbstractHttpRequest.setResponse(AbstractHttpRequest.java:795)
	at com.eviware.soapui.impl.wsdl.teststeps.RestTestRequest.setResponse(RestTestRequest.java:127)
	at com.eviware.soapui.impl.wsdl.teststeps.RestTestRequestStep.run(RestTestRequestStep.java:810)
	at com.eviware.soapui.impl.wsdl.support.AbstractTestCaseRunner.runTestStep(AbstractTestCaseRunner.java:211)
	at com.eviware.soapui.impl.wsdl.testcase.WsdlTestCaseRunner.runCurrentTestStep(WsdlTestCaseRunner.java:47)
	at com.eviware.soapui.impl.wsdl.support.AbstractTestCaseRunner.internalRun(AbstractTestCaseRunner.java:138)
	at com.eviware.soapui.impl.wsdl.support.AbstractTestCaseRunner.internalRun(AbstractTestCaseRunner.java:46)
	at com.eviware.soapui.impl.wsdl.support.AbstractTestRunner.run(AbstractTestRunner.java:128)
	at com.eviware.soapui.impl.wsdl.support.AbstractTestRunner.start(AbstractTestRunner.java:76)
	at com.eviware.soapui.impl.wsdl.testcase.WsdlTestCase.run(WsdlTestCase.java:594)
	at RESTservice.SoapUIRESTserviceTest.SoapUItestrun(SoapUIRESTserviceTest.java:31)
	at sun.reflect.NativeMethodAccessorImpl.invoke0(Native Method)
	at sun.reflect.NativeMethodAccessorImpl.invoke(Unknown Source)
	at sun.reflect.DelegatingMethodAccessorImpl.invoke(Unknown Source)
	at java.lang.reflect.Method.invoke(Unknown Source)
	at org.testng.internal.MethodInvocationHelper.invokeMethod(MethodInvocationHelper.java:124)
	at org.testng.internal.Invoker.invokeMethod(Invoker.java:583)
	at org.testng.internal.Invoker.invokeTestMethod(Invoker.java:719)
	at org.testng.internal.Invoker.invokeTestMethods(Invoker.java:989)
	at org.testng.internal.TestMethodWorker.invokeTestMethods(TestMethodWorker.java:125)
	at org.testng.internal.TestMethodWorker.run(TestMethodWorker.java:109)
	at org.testng.TestRunner.privateRun(TestRunner.java:648)
	at org.testng.TestRunner.run(TestRunner.java:505)
	at org.testng.SuiteRunner.runTest(SuiteRunner.java:455)
	at org.testng.SuiteRunner.runSequentially(SuiteRunner.java:450)
	at org.testng.SuiteRunner.privateRun(SuiteRunner.java:415)
	at org.testng.SuiteRunner.run(SuiteRunner.java:364)
	at org.testng.SuiteRunnerWorker.runSuite(SuiteRunnerWorker.java:52)
	at org.testng.SuiteRunnerWorker.run(SuiteRunnerWorker.java:84)
	at org.testng.TestNG.runSuitesSequentially(TestNG.java:1208)
	at org.testng.TestNG.runSuitesLocally(TestNG.java:1137)
	at org.testng.TestNG.runSuites(TestNG.java:1049)
	at org.testng.TestNG.run(TestNG.java:1017)
	at org.testng.TestNG.privateMain(TestNG.java:1354)
	at org.testng.TestNG.main(TestNG.java:1323)
2020-05-09 10:57:48,953 ERROR [errorlog] nu.xom.IllegalCharacterDataException: 0x8 is not allowed in XML content
nu.xom.IllegalCharacterDataException: 0x8 is not allowed in XML content
	at nu.xom.Verifier.throwIllegalCharacterDataException(Verifier.java:154)
	at nu.xom.Verifier.checkPCDATA(Verifier.java:205)
	at nu.xom.Text._setValue(Text.java:126)
	at nu.xom.Text.<init>(Text.java:62)
	at nu.xom.Element.appendChild(Element.java:1069)
	at com.eviware.soapui.impl.rest.support.handlers.JsonXmlSerializer.processJSONValue(JsonXmlSerializer.java:1050)
	at com.eviware.soapui.impl.rest.support.handlers.JsonXmlSerializer.processJSONObject(JsonXmlSerializer.java:1011)
	at com.eviware.soapui.impl.rest.support.handlers.JsonXmlSerializer.processJSONValue(JsonXmlSerializer.java:1060)
	at com.eviware.soapui.impl.rest.support.handlers.JsonXmlSerializer.processJSONArray(JsonXmlSerializer.java:934)
	at com.eviware.soapui.impl.rest.support.handlers.JsonXmlSerializer.write(JsonXmlSerializer.java:621)
	at com.eviware.soapui.impl.rest.support.handlers.JsonXmlSerializer.write(JsonXmlSerializer.java:599)
	at com.eviware.soapui.impl.rest.support.handlers.JsonMediaTypeHandler.createXmlRepresentation(JsonMediaTypeHandler.java:61)
	at com.eviware.soapui.impl.wsdl.submit.transports.http.BaseHttpResponse.getContentAsXml(BaseHttpResponse.java:382)
	at com.eviware.soapui.impl.wsdl.teststeps.RestTestRequestStep.propertyChange(RestTestRequestStep.java:431)
	at java.beans.PropertyChangeSupport.fire(Unknown Source)
	at java.beans.PropertyChangeSupport.firePropertyChange(Unknown Source)
	at java.beans.PropertyChangeSupport.firePropertyChange(Unknown Source)
	at com.eviware.soapui.model.support.AbstractModelItem.notifyPropertyChanged(AbstractModelItem.java:71)
	at com.eviware.soapui.impl.support.AbstractHttpRequest.setResponse(AbstractHttpRequest.java:795)
	at com.eviware.soapui.impl.wsdl.teststeps.RestTestRequest.setResponse(RestTestRequest.java:127)
	at com.eviware.soapui.impl.wsdl.teststeps.RestTestRequestStep.run(RestTestRequestStep.java:810)
	at com.eviware.soapui.impl.wsdl.support.AbstractTestCaseRunner.runTestStep(AbstractTestCaseRunner.java:211)
	at com.eviware.soapui.impl.wsdl.testcase.WsdlTestCaseRunner.runCurrentTestStep(WsdlTestCaseRunner.java:47)
	at com.eviware.soapui.impl.wsdl.support.AbstractTestCaseRunner.internalRun(AbstractTestCaseRunner.java:138)
	at com.eviware.soapui.impl.wsdl.support.AbstractTestCaseRunner.internalRun(AbstractTestCaseRunner.java:46)
	at com.eviware.soapui.impl.wsdl.support.AbstractTestRunner.run(AbstractTestRunner.java:128)
	at com.eviware.soapui.impl.wsdl.support.AbstractTestRunner.start(AbstractTestRunner.java:76)
	at com.eviware.soapui.impl.wsdl.testcase.WsdlTestCase.run(WsdlTestCase.java:594)
	at RESTservice.RESTservicesTest.SoapUItestrun(RESTservicesTest.java:34)
	at sun.reflect.NativeMethodAccessorImpl.invoke0(Native Method)
	at sun.reflect.NativeMethodAccessorImpl.invoke(Unknown Source)
	at sun.reflect.DelegatingMethodAccessorImpl.invoke(Unknown Source)
	at java.lang.reflect.Method.invoke(Unknown Source)
	at org.testng.internal.MethodInvocationHelper.invokeMethod(MethodInvocationHelper.java:124)
	at org.testng.internal.Invoker.invokeMethod(Invoker.java:583)
	at org.testng.internal.Invoker.invokeTestMethod(Invoker.java:719)
	at org.testng.internal.Invoker.invokeTestMethods(Invoker.java:989)
	at org.testng.internal.TestMethodWorker.invokeTestMethods(TestMethodWorker.java:125)
	at org.testng.internal.TestMethodWorker.run(TestMethodWorker.java:109)
	at org.testng.TestRunner.privateRun(TestRunner.java:648)
	at org.testng.TestRunner.run(TestRunner.java:505)
	at org.testng.SuiteRunner.runTest(SuiteRunner.java:455)
	at org.testng.SuiteRunner.runSequentially(SuiteRunner.java:450)
	at org.testng.SuiteRunner.privateRun(SuiteRunner.java:415)
	at org.testng.SuiteRunner.run(SuiteRunner.java:364)
	at org.testng.SuiteRunnerWorker.runSuite(SuiteRunnerWorker.java:52)
	at org.testng.SuiteRunnerWorker.run(SuiteRunnerWorker.java:84)
	at org.testng.TestNG.runSuitesSequentially(TestNG.java:1208)
	at org.testng.TestNG.runSuitesLocally(TestNG.java:1137)
	at org.testng.TestNG.runSuites(TestNG.java:1049)
	at org.testng.TestNG.run(TestNG.java:1017)
	at org.testng.remote.AbstractRemoteTestNG.run(AbstractRemoteTestNG.java:132)
	at org.testng.remote.RemoteTestNG.initAndRun(RemoteTestNG.java:230)
	at org.testng.remote.RemoteTestNG.main(RemoteTestNG.java:76)
2020-05-09 10:57:50,431 ERROR [errorlog] nu.xom.IllegalCharacterDataException: 0x8 is not allowed in XML content
nu.xom.IllegalCharacterDataException: 0x8 is not allowed in XML content
	at nu.xom.Verifier.throwIllegalCharacterDataException(Verifier.java:154)
	at nu.xom.Verifier.checkPCDATA(Verifier.java:205)
	at nu.xom.Text._setValue(Text.java:126)
	at nu.xom.Text.<init>(Text.java:62)
	at nu.xom.Element.appendChild(Element.java:1069)
	at com.eviware.soapui.impl.rest.support.handlers.JsonXmlSerializer.processJSONValue(JsonXmlSerializer.java:1050)
	at com.eviware.soapui.impl.rest.support.handlers.JsonXmlSerializer.processJSONObject(JsonXmlSerializer.java:1011)
	at com.eviware.soapui.impl.rest.support.handlers.JsonXmlSerializer.processJSONValue(JsonXmlSerializer.java:1060)
	at com.eviware.soapui.impl.rest.support.handlers.JsonXmlSerializer.processJSONArray(JsonXmlSerializer.java:934)
	at com.eviware.soapui.impl.rest.support.handlers.JsonXmlSerializer.write(JsonXmlSerializer.java:621)
	at com.eviware.soapui.impl.rest.support.handlers.JsonXmlSerializer.write(JsonXmlSerializer.java:599)
	at com.eviware.soapui.impl.rest.support.handlers.JsonMediaTypeHandler.createXmlRepresentation(JsonMediaTypeHandler.java:61)
	at com.eviware.soapui.impl.wsdl.submit.transports.http.BaseHttpResponse.getContentAsXml(BaseHttpResponse.java:382)
	at com.eviware.soapui.impl.wsdl.teststeps.RestTestRequestStep.propertyChange(RestTestRequestStep.java:431)
	at java.beans.PropertyChangeSupport.fire(Unknown Source)
	at java.beans.PropertyChangeSupport.firePropertyChange(Unknown Source)
	at java.beans.PropertyChangeSupport.firePropertyChange(Unknown Source)
	at com.eviware.soapui.model.support.AbstractModelItem.notifyPropertyChanged(AbstractModelItem.java:71)
	at com.eviware.soapui.impl.support.AbstractHttpRequest.setResponse(AbstractHttpRequest.java:795)
	at com.eviware.soapui.impl.wsdl.teststeps.RestTestRequest.setResponse(RestTestRequest.java:127)
	at com.eviware.soapui.impl.wsdl.teststeps.RestTestRequestStep.run(RestTestRequestStep.java:810)
	at com.eviware.soapui.impl.wsdl.support.AbstractTestCaseRunner.runTestStep(AbstractTestCaseRunner.java:211)
	at com.eviware.soapui.impl.wsdl.testcase.WsdlTestCaseRunner.runCurrentTestStep(WsdlTestCaseRunner.java:47)
	at com.eviware.soapui.impl.wsdl.support.AbstractTestCaseRunner.internalRun(AbstractTestCaseRunner.java:138)
	at com.eviware.soapui.impl.wsdl.support.AbstractTestCaseRunner.internalRun(AbstractTestCaseRunner.java:46)
	at com.eviware.soapui.impl.wsdl.support.AbstractTestRunner.run(AbstractTestRunner.java:128)
	at com.eviware.soapui.impl.wsdl.support.AbstractTestRunner.start(AbstractTestRunner.java:76)
	at com.eviware.soapui.impl.wsdl.testcase.WsdlTestCase.run(WsdlTestCase.java:594)
	at RESTservice.SoapUIRESTserviceTest.SoapUItestrun(SoapUIRESTserviceTest.java:31)
	at sun.reflect.NativeMethodAccessorImpl.invoke0(Native Method)
	at sun.reflect.NativeMethodAccessorImpl.invoke(Unknown Source)
	at sun.reflect.DelegatingMethodAccessorImpl.invoke(Unknown Source)
	at java.lang.reflect.Method.invoke(Unknown Source)
	at org.testng.internal.MethodInvocationHelper.invokeMethod(MethodInvocationHelper.java:124)
	at org.testng.internal.Invoker.invokeMethod(Invoker.java:583)
	at org.testng.internal.Invoker.invokeTestMethod(Invoker.java:719)
	at org.testng.internal.Invoker.invokeTestMethods(Invoker.java:989)
	at org.testng.internal.TestMethodWorker.invokeTestMethods(TestMethodWorker.java:125)
	at org.testng.internal.TestMethodWorker.run(TestMethodWorker.java:109)
	at org.testng.TestRunner.privateRun(TestRunner.java:648)
	at org.testng.TestRunner.run(TestRunner.java:505)
	at org.testng.SuiteRunner.runTest(SuiteRunner.java:455)
	at org.testng.SuiteRunner.runSequentially(SuiteRunner.java:450)
	at org.testng.SuiteRunner.privateRun(SuiteRunner.java:415)
	at org.testng.SuiteRunner.run(SuiteRunner.java:364)
	at org.testng.SuiteRunnerWorker.runSuite(SuiteRunnerWorker.java:52)
	at org.testng.SuiteRunnerWorker.run(SuiteRunnerWorker.java:84)
	at org.testng.TestNG.runSuitesSequentially(TestNG.java:1208)
	at org.testng.TestNG.runSuitesLocally(TestNG.java:1137)
	at org.testng.TestNG.runSuites(TestNG.java:1049)
	at org.testng.TestNG.run(TestNG.java:1017)
	at org.testng.remote.AbstractRemoteTestNG.run(AbstractRemoteTestNG.java:132)
	at org.testng.remote.RemoteTestNG.initAndRun(RemoteTestNG.java:230)
	at org.testng.remote.RemoteTestNG.main(RemoteTestNG.java:76)
2020-05-09 10:59:13,683 ERROR [errorlog] nu.xom.IllegalCharacterDataException: 0x8 is not allowed in XML content
nu.xom.IllegalCharacterDataException: 0x8 is not allowed in XML content
	at nu.xom.Verifier.throwIllegalCharacterDataException(Verifier.java:154)
	at nu.xom.Verifier.checkPCDATA(Verifier.java:205)
	at nu.xom.Text._setValue(Text.java:126)
	at nu.xom.Text.<init>(Text.java:62)
	at nu.xom.Element.appendChild(Element.java:1069)
	at com.eviware.soapui.impl.rest.support.handlers.JsonXmlSerializer.processJSONValue(JsonXmlSerializer.java:1050)
	at com.eviware.soapui.impl.rest.support.handlers.JsonXmlSerializer.processJSONObject(JsonXmlSerializer.java:1011)
	at com.eviware.soapui.impl.rest.support.handlers.JsonXmlSerializer.processJSONValue(JsonXmlSerializer.java:1060)
	at com.eviware.soapui.impl.rest.support.handlers.JsonXmlSerializer.processJSONArray(JsonXmlSerializer.java:934)
	at com.eviware.soapui.impl.rest.support.handlers.JsonXmlSerializer.write(JsonXmlSerializer.java:621)
	at com.eviware.soapui.impl.rest.support.handlers.JsonXmlSerializer.write(JsonXmlSerializer.java:599)
	at com.eviware.soapui.impl.rest.support.handlers.JsonMediaTypeHandler.createXmlRepresentation(JsonMediaTypeHandler.java:61)
	at com.eviware.soapui.impl.wsdl.submit.transports.http.BaseHttpResponse.getContentAsXml(BaseHttpResponse.java:382)
	at com.eviware.soapui.impl.wsdl.teststeps.RestTestRequestStep.propertyChange(RestTestRequestStep.java:431)
	at java.beans.PropertyChangeSupport.fire(PropertyChangeSupport.java:335)
	at java.beans.PropertyChangeSupport.firePropertyChange(PropertyChangeSupport.java:327)
	at java.beans.PropertyChangeSupport.firePropertyChange(PropertyChangeSupport.java:263)
	at com.eviware.soapui.model.support.AbstractModelItem.notifyPropertyChanged(AbstractModelItem.java:71)
	at com.eviware.soapui.impl.support.AbstractHttpRequest.setResponse(AbstractHttpRequest.java:795)
	at com.eviware.soapui.impl.wsdl.teststeps.RestTestRequest.setResponse(RestTestRequest.java:127)
	at com.eviware.soapui.impl.wsdl.teststeps.RestTestRequestStep.run(RestTestRequestStep.java:810)
	at com.eviware.soapui.impl.wsdl.support.AbstractTestCaseRunner.runTestStep(AbstractTestCaseRunner.java:211)
	at com.eviware.soapui.impl.wsdl.testcase.WsdlTestCaseRunner.runCurrentTestStep(WsdlTestCaseRunner.java:47)
	at com.eviware.soapui.impl.wsdl.support.AbstractTestCaseRunner.internalRun(AbstractTestCaseRunner.java:138)
	at com.eviware.soapui.impl.wsdl.support.AbstractTestCaseRunner.internalRun(AbstractTestCaseRunner.java:46)
	at com.eviware.soapui.impl.wsdl.support.AbstractTestRunner.run(AbstractTestRunner.java:128)
	at com.eviware.soapui.impl.wsdl.support.AbstractTestRunner.start(AbstractTestRunner.java:76)
	at com.eviware.soapui.impl.wsdl.testcase.WsdlTestCase.run(WsdlTestCase.java:594)
	at RESTservice.RESTservicesTest.SoapUItestrun(RESTservicesTest.java:34)
	at sun.reflect.NativeMethodAccessorImpl.invoke0(Native Method)
	at sun.reflect.NativeMethodAccessorImpl.invoke(NativeMethodAccessorImpl.java:62)
	at sun.reflect.DelegatingMethodAccessorImpl.invoke(DelegatingMethodAccessorImpl.java:43)
	at java.lang.reflect.Method.invoke(Method.java:498)
	at org.testng.internal.MethodInvocationHelper.invokeMethod(MethodInvocationHelper.java:124)
	at org.testng.internal.Invoker.invokeMethod(Invoker.java:583)
	at org.testng.internal.Invoker.invokeTestMethod(Invoker.java:719)
	at org.testng.internal.Invoker.invokeTestMethods(Invoker.java:989)
	at org.testng.internal.TestMethodWorker.invokeTestMethods(TestMethodWorker.java:125)
	at org.testng.internal.TestMethodWorker.run(TestMethodWorker.java:109)
	at org.testng.TestRunner.privateRun(TestRunner.java:648)
	at org.testng.TestRunner.run(TestRunner.java:505)
	at org.testng.SuiteRunner.runTest(SuiteRunner.java:455)
	at org.testng.SuiteRunner.runSequentially(SuiteRunner.java:450)
	at org.testng.SuiteRunner.privateRun(SuiteRunner.java:415)
	at org.testng.SuiteRunner.run(SuiteRunner.java:364)
	at org.testng.SuiteRunnerWorker.runSuite(SuiteRunnerWorker.java:52)
	at org.testng.SuiteRunnerWorker.run(SuiteRunnerWorker.java:84)
	at org.testng.TestNG.runSuitesSequentially(TestNG.java:1208)
	at org.testng.TestNG.runSuitesLocally(TestNG.java:1137)
	at org.testng.TestNG.runSuites(TestNG.java:1049)
	at org.testng.TestNG.run(TestNG.java:1017)
	at org.testng.TestNG.privateMain(TestNG.java:1354)
	at org.testng.TestNG.main(TestNG.java:1323)
2020-05-09 10:59:15,335 ERROR [errorlog] nu.xom.IllegalCharacterDataException: 0x8 is not allowed in XML content
nu.xom.IllegalCharacterDataException: 0x8 is not allowed in XML content
	at nu.xom.Verifier.throwIllegalCharacterDataException(Verifier.java:154)
	at nu.xom.Verifier.checkPCDATA(Verifier.java:205)
	at nu.xom.Text._setValue(Text.java:126)
	at nu.xom.Text.<init>(Text.java:62)
	at nu.xom.Element.appendChild(Element.java:1069)
	at com.eviware.soapui.impl.rest.support.handlers.JsonXmlSerializer.processJSONValue(JsonXmlSerializer.java:1050)
	at com.eviware.soapui.impl.rest.support.handlers.JsonXmlSerializer.processJSONObject(JsonXmlSerializer.java:1011)
	at com.eviware.soapui.impl.rest.support.handlers.JsonXmlSerializer.processJSONValue(JsonXmlSerializer.java:1060)
	at com.eviware.soapui.impl.rest.support.handlers.JsonXmlSerializer.processJSONArray(JsonXmlSerializer.java:934)
	at com.eviware.soapui.impl.rest.support.handlers.JsonXmlSerializer.write(JsonXmlSerializer.java:621)
	at com.eviware.soapui.impl.rest.support.handlers.JsonXmlSerializer.write(JsonXmlSerializer.java:599)
	at com.eviware.soapui.impl.rest.support.handlers.JsonMediaTypeHandler.createXmlRepresentation(JsonMediaTypeHandler.java:61)
	at com.eviware.soapui.impl.wsdl.submit.transports.http.BaseHttpResponse.getContentAsXml(BaseHttpResponse.java:382)
	at com.eviware.soapui.impl.wsdl.teststeps.RestTestRequestStep.propertyChange(RestTestRequestStep.java:431)
	at java.beans.PropertyChangeSupport.fire(PropertyChangeSupport.java:335)
	at java.beans.PropertyChangeSupport.firePropertyChange(PropertyChangeSupport.java:327)
	at java.beans.PropertyChangeSupport.firePropertyChange(PropertyChangeSupport.java:263)
	at com.eviware.soapui.model.support.AbstractModelItem.notifyPropertyChanged(AbstractModelItem.java:71)
	at com.eviware.soapui.impl.support.AbstractHttpRequest.setResponse(AbstractHttpRequest.java:795)
	at com.eviware.soapui.impl.wsdl.teststeps.RestTestRequest.setResponse(RestTestRequest.java:127)
	at com.eviware.soapui.impl.wsdl.teststeps.RestTestRequestStep.run(RestTestRequestStep.java:810)
	at com.eviware.soapui.impl.wsdl.support.AbstractTestCaseRunner.runTestStep(AbstractTestCaseRunner.java:211)
	at com.eviware.soapui.impl.wsdl.testcase.WsdlTestCaseRunner.runCurrentTestStep(WsdlTestCaseRunner.java:47)
	at com.eviware.soapui.impl.wsdl.support.AbstractTestCaseRunner.internalRun(AbstractTestCaseRunner.java:138)
	at com.eviware.soapui.impl.wsdl.support.AbstractTestCaseRunner.internalRun(AbstractTestCaseRunner.java:46)
	at com.eviware.soapui.impl.wsdl.support.AbstractTestRunner.run(AbstractTestRunner.java:128)
	at com.eviware.soapui.impl.wsdl.support.AbstractTestRunner.start(AbstractTestRunner.java:76)
	at com.eviware.soapui.impl.wsdl.testcase.WsdlTestCase.run(WsdlTestCase.java:594)
	at RESTservice.SoapUIRESTserviceTest.SoapUItestrun(SoapUIRESTserviceTest.java:31)
	at sun.reflect.NativeMethodAccessorImpl.invoke0(Native Method)
	at sun.reflect.NativeMethodAccessorImpl.invoke(NativeMethodAccessorImpl.java:62)
	at sun.reflect.DelegatingMethodAccessorImpl.invoke(DelegatingMethodAccessorImpl.java:43)
	at java.lang.reflect.Method.invoke(Method.java:498)
	at org.testng.internal.MethodInvocationHelper.invokeMethod(MethodInvocationHelper.java:124)
	at org.testng.internal.Invoker.invokeMethod(Invoker.java:583)
	at org.testng.internal.Invoker.invokeTestMethod(Invoker.java:719)
	at org.testng.internal.Invoker.invokeTestMethods(Invoker.java:989)
	at org.testng.internal.TestMethodWorker.invokeTestMethods(TestMethodWorker.java:125)
	at org.testng.internal.TestMethodWorker.run(TestMethodWorker.java:109)
	at org.testng.TestRunner.privateRun(TestRunner.java:648)
	at org.testng.TestRunner.run(TestRunner.java:505)
	at org.testng.SuiteRunner.runTest(SuiteRunner.java:455)
	at org.testng.SuiteRunner.runSequentially(SuiteRunner.java:450)
	at org.testng.SuiteRunner.privateRun(SuiteRunner.java:415)
	at org.testng.SuiteRunner.run(SuiteRunner.java:364)
	at org.testng.SuiteRunnerWorker.runSuite(SuiteRunnerWorker.java:52)
	at org.testng.SuiteRunnerWorker.run(SuiteRunnerWorker.java:84)
	at org.testng.TestNG.runSuitesSequentially(TestNG.java:1208)
	at org.testng.TestNG.runSuitesLocally(TestNG.java:1137)
	at org.testng.TestNG.runSuites(TestNG.java:1049)
	at org.testng.TestNG.run(TestNG.java:1017)
	at org.testng.TestNG.privateMain(TestNG.java:1354)
	at org.testng.TestNG.main(TestNG.java:1323)
